#
# There is insufficient memory for the Java Runtime Environment to continue.
# Native memory allocation (mmap) failed to map 210763776 bytes for Failed to commit area from 0x00000000d3400000 to 0x00000000dfd00000 of length 210763776.
# Possible reasons:
#   The system is out of physical RAM or swap space
#   The process is running with CompressedOops enabled, and the Java Heap may be blocking the growth of the native heap
# Possible solutions:
#   Reduce memory load on the system
#   Increase physical memory or swap space
#   Check if swap backing store is full
#   Decrease Java heap size (-Xmx/-Xms)
#   Decrease number of Java threads
#   Decrease Java thread stack sizes (-Xss)
#   Set larger code cache with -XX:ReservedCodeCacheSize=
#   JVM is running with Unscaled Compressed Oops mode in which the Java heap is
#     placed in the first 4GB address space. The Java Heap base address is the
#     maximum limit for the native heap growth. Please use -XX:HeapBaseMinAddress
#     to set the Java Heap base and to place the Java Heap above 4GB virtual address.
# This output file may be truncated or incomplete.
#
#  Out of Memory Error (./src/hotspot/os/windows/os_windows.cpp:3380), pid=8324, tid=2008
#
# JRE version: OpenJDK Runtime Environment Microsoft-25199 (11.0.12+7) (build 11.0.12+7)
# Java VM: OpenJDK 64-Bit Server VM Microsoft-25199 (11.0.12+7, mixed mode, tiered, compressed oops, g1 gc, windows-amd64)
# No core dump will be written. Minidumps are not enabled by default on client versions of Windows
#

---------------  S U M M A R Y ------------

Command Line: -Xmx1G com.android.tools.r8.D8 --debug --min-api 21 --output obj\Debug\net6.0-android\android\bin\ --lib C:\Program Files (x86)\Android\android-sdk\platforms\android-31\android.jar obj\Debug\net6.0-android\android\bin\classes.zip C:\Users\Isahs\.nuget\packages\microsoft.android.ref.31\32.0.476\ref\net6.0\mono.android.jar C:\Program Files\dotnet\packs\Microsoft.Android.Sdk.Windows\32.0.476\tools\java_runtime_fastdev_net6.jar C:\Users\Isahs\.nuget\packages\xamarin.jetbrains.annotations\23.0.0.3\buildTransitive\net6.0-android31.0\..\..\jar\org.jetbrains.annotations-23.0.0.jar C:\Users\Isahs\.nuget\packages\xamarin.kotlin.stdlib\1.6.20.1\buildTransitive\net6.0-android31.0\..\..\jar\org.jetbrains.kotlin.kotlin-stdlib-1.6.20.jar C:\Users\Isahs\.nuget\packages\xamarin.kotlin.stdlib.jdk7\1.6.20.1\buildTransitive\net6.0-android31.0\..\..\jar\org.jetbrains.kotlin.kotlin-stdlib-jdk7-1.6.20.jar C:\Users\Isahs\.nuget\packages\xamarin.kotlin.stdlib.jdk8\1.6.20.1\buildTransitive\net6.0-android31.0\..\..\jar\org.jetbrains.kotlin.kotlin-stdlib-jdk8-1.6.20.jar C:\Users\Isahs\.nuget\packages\xamarin.kotlinx.coroutines.core.jvm\1.6.0.1\buildTransitive\net6.0-android31.0\..\..\jar\org.jetbrains.kotlinx.kotlinx-coroutines-core-jvm-1.6.0.jar C:\Users\Isahs\.nuget\packages\xamarin.kotlinx.coroutines.android\1.6.0.1\buildTransitive\net6.0-android31.0\..\..\jar\org.jetbrains.kotlinx.kotlinx-coroutines-android-1.6.0.jar C:\Users\Isahs\.nuget\packages\xamarin.google.guava.listenablefuture\1.0.0.5\buildTransitive\net6.0-android31.0\..\..\jar\guava-listenablefuture.jar C:\Users\Isahs\.nuget\packages\xamarin.androidx.annotation\1.3.0.3\buildTransitive\net6.0-android31.0\..\..\jar\androidx.annotation.annotation.jar C:\Users\Isahs\.nuget\packages\xamarin.androidx.collection\1.2.0.3\buildTransitive\net6.0-android31.0\..\..\jar\androidx.collection.collection.jar C:\Users\Isahs\.nuget\packages\xamarin.androidx.lifecycle.common\2.4.1.1\buildTransitive\net6.0-android31.0\..\..\jar\androidx.lifecycle.lifecycle-common.jar C:\Users\Isahs\.nuget\packages\xamarin.androidx.arch.core.common\2.1.0.14\buildTransitive\net6.0-android31.0\..\..\jar\androidx.arch.core.core-common.jar C:\Users\Isahs\.nuget\packages\xamarin.androidx.concurrent.futures\1.1.0.8\buildTransitive\net6.0-android31.0\..\..\jar\androidx.concurrent.concurrent-futures.jar C:\Users\Isahs\.nuget\packages\xamarin.androidx.resourceinspection.annotation\1.0.1.1\buildTransitive\net6.0-android31.0\..\..\jar\androidx.resourceinspection.resourceinspection-annotation.jar C:\Users\Isahs\.nuget\packages\xamarin.androidx.constraintlayout.core\1.0.3.1\buildTransitive\net6.0-android31.0\..\..\jar\androidx.constraintlayout.constraintlayout-core.jar C:\Users\Isahs\.nuget\packages\xamarin.androidx.collection.ktx\1.2.0.3\buildTransitive\net6.0-android31.0\..\..\jar\androidx.collection.collection-ktx.jar C:\Users\Isahs\.nuget\packages\xamarin.android.glide.disklrucache\4.12.0.8\buildTransitive\net6.0-android31.0\..\..\jar\disklrucache.jar C:\Users\Isahs\.nuget\packages\xamarin.android.glide.annotations\4.12.0.8\buildTransitive\net6.0-android31.0\..\..\jar\annotations.jar obj\Debug\net6.0-android\lp\100\jl\classes.jar obj\Debug\net6.0-android\lp\101\jl\classes.jar obj\Debug\net6.0-android\lp\102\jl\classes.jar obj\Debug\net6.0-android\lp\103\jl\classes.jar obj\Debug\net6.0-android\lp\104\jl\classes.jar obj\Debug\net6.0-android\lp\105\jl\classes.jar obj\Debug\net6.0-android\lp\106\jl\classes.jar obj\Debug\net6.0-android\lp\107\jl\classes.jar obj\Debug\net6.0-android\lp\108\jl\classes.jar obj\Debug\net6.0-android\lp\109\jl\classes.jar obj\Debug\net6.0-android\lp\110\jl\classes.jar obj\Debug\net6.0-android\lp\111\jl\classes.jar obj\Debug\net6.0-android\lp\112\jl\classes.jar obj\Debug\net6.0-android\lp\113\jl\classes.jar obj\Debug\net6.0-android\lp\114\jl\classes.jar obj\Debug\net6.0-android\lp\115\jl\classes.jar obj\Debug\net6.0-android\lp\116\jl\classes.jar obj\Debug\net6.0-android\lp\116\jl\libs\repackaged.jar obj\Debug\net6.0-android\lp\117\jl\classes.jar obj\Debug\net6.0-android\lp\118\jl\classes.jar obj\Debug\net6.0-android\lp\119\jl\classes.jar obj\Debug\net6.0-android\lp\120\jl\classes.jar obj\Debug\net6.0-android\lp\121\jl\classes.jar obj\Debug\net6.0-android\lp\122\jl\classes.jar obj\Debug\net6.0-android\lp\123\jl\classes.jar obj\Debug\net6.0-android\lp\124\jl\classes.jar obj\Debug\net6.0-android\lp\125\jl\classes.jar obj\Debug\net6.0-android\lp\126\jl\classes.jar obj\Debug\net6.0-android\lp\127\jl\classes.jar obj\Debug\net6.0-android\lp\128\jl\classes.jar obj\Debug\net6.0-android\lp\129\jl\classes.jar obj\Debug\net6.0-android\lp\130\jl\classes.jar obj\Debug\net6.0-android\lp\131\jl\classes.jar obj\Debug\net6.0-android\lp\132\jl\classes.jar obj\Debug\net6.0-android\lp\133\jl\classes.jar obj\Debug\net6.0-android\lp\134\jl\classes.jar obj\Debug\net6.0-android\lp\135\jl\classes.jar obj\Debug\net6.0-android\lp\136\jl\classes.jar obj\Debug\net6.0-android\lp\137\jl\classes.jar obj\Debug\net6.0-android\lp\138\jl\classes.jar obj\Debug\net6.0-android\lp\139\jl\classes.jar obj\Debug\net6.0-android\lp\140\jl\classes.jar obj\Debug\net6.0-android\lp\141\jl\classes.jar obj\Debug\net6.0-android\lp\142\jl\classes.jar obj\Debug\net6.0-android\lp\143\jl\classes.jar obj\Debug\net6.0-android\lp\144\jl\classes.jar obj\Debug\net6.0-android\lp\146\jl\classes.jar obj\Debug\net6.0-android\lp\147\jl\classes.jar obj\Debug\net6.0-android\lp\148\jl\classes.jar obj\Debug\net6.0-android\lp\149\jl\classes.jar obj\Debug\net6.0-android\lp\150\jl\libs\ED64959F88B22E6D.jar obj\Debug\net6.0-android\lp\153\jl\classes.jar obj\Debug\net6.0-android\lp\156\jl\libs\F975D0960055A5E3.jar obj\Debug\net6.0-android\lp\88\jl\classes.jar obj\Debug\net6.0-android\lp\89\jl\classes.jar obj\Debug\net6.0-android\lp\90\jl\classes.jar obj\Debug\net6.0-android\lp\91\jl\classes.jar obj\Debug\net6.0-android\lp\92\jl\classes.jar obj\Debug\net6.0-android\lp\93\jl\classes.jar obj\Debug\net6.0-android\lp\94\jl\classes.jar obj\Debug\net6.0-android\lp\95\jl\classes.jar obj\Debug\net6.0-android\lp\96\jl\classes.jar obj\Debug\net6.0-android\lp\97\jl\classes.jar obj\Debug\net6.0-android\lp\98\jl\classes.jar obj\Debug\net6.0-android\lp\99\jl\classes.jar

Host: Intel(R) Core(TM) i5-7200U CPU @ 2.50GHz, 4 cores, 7G,  Windows 10 , 64 bit Build 19041 (10.0.19041.2364)
Time: Sat Jan 28 16:44:11 2023 Hora oficial do Brasil elapsed time: 3.935396 seconds (0d 0h 0m 3s)

---------------  T H R E A D  ---------------

Current thread (0x000002707c5a0800):  VMThread "VM Thread" [stack: 0x000000fe64000000,0x000000fe64100000] [id=2008]

Stack: [0x000000fe64000000,0x000000fe64100000]
[error occurred during error reporting (printing stack bounds), id 0xc0000005, EXCEPTION_ACCESS_VIOLATION (0xc0000005) at pc=0x0000027068ab112d]

Native frames: (J=compiled Java code, j=interpreted, Vv=VM code, C=native code)
V  [jvm.dll+0x6090fa]
V  [jvm.dll+0x79229e]
V  [jvm.dll+0x79396f]
V  [jvm.dll+0x793f95]
V  [jvm.dll+0x793f4b]
V  [jvm.dll+0x608487]
V  [jvm.dll+0x608b98]
C  [ntdll.dll+0xa241f]
C  [ntdll.dll+0x514a4]
C  [ntdll.dll+0xa0f4e]
C  0x0000027068ab112d

VM_Operation (0x000000fe651fcdd0): G1CollectForAllocation, mode: safepoint, requested by thread 0x000002707d62c000


---------------  P R O C E S S  ---------------

Threads class SMR info:
_java_thread_list=0x000002707d38b790, length=13, elements={
0x000002706039d000, 0x000002707c5b5000, 0x000002707c5b6000, 0x000002707c5c3800,
0x000002707c5c8000, 0x000002707c5c9000, 0x000002707c5cb000, 0x000002707c5ce000,
0x000002707c5d1000, 0x000002707d0d0000, 0x000002707d224000, 0x000002707d62c000,
0x000002707d62c800
}

Java Threads: ( => current thread )
  0x000002706039d000 JavaThread "main" [_thread_blocked, id=2844, stack(0x000000fe63a00000,0x000000fe63b00000)]
  0x000002707c5b5000 JavaThread "Reference Handler" daemon [_thread_blocked, id=8128, stack(0x000000fe64100000,0x000000fe64200000)]
  0x000002707c5b6000 JavaThread "Finalizer" daemon [_thread_blocked, id=9800, stack(0x000000fe64200000,0x000000fe64300000)]
  0x000002707c5c3800 JavaThread "Signal Dispatcher" daemon [_thread_blocked, id=10472, stack(0x000000fe64300000,0x000000fe64400000)]
  0x000002707c5c8000 JavaThread "Attach Listener" daemon [_thread_blocked, id=11584, stack(0x000000fe64400000,0x000000fe64500000)]
  0x000002707c5c9000 JavaThread "Service Thread" daemon [_thread_blocked, id=7788, stack(0x000000fe64500000,0x000000fe64600000)]
  0x000002707c5cb000 JavaThread "C2 CompilerThread0" daemon [_thread_blocked, id=8852, stack(0x000000fe64600000,0x000000fe64700000)]
  0x000002707c5ce000 JavaThread "C1 CompilerThread0" daemon [_thread_blocked, id=11048, stack(0x000000fe64700000,0x000000fe64800000)]
  0x000002707c5d1000 JavaThread "Sweeper thread" daemon [_thread_blocked, id=6836, stack(0x000000fe64800000,0x000000fe64900000)]
  0x000002707d0d0000 JavaThread "Common-Cleaner" daemon [_thread_blocked, id=10524, stack(0x000000fe64a00000,0x000000fe64b00000)]
  0x000002707d224000 JavaThread "C2 CompilerThread1" daemon [_thread_blocked, id=2140, stack(0x000000fe64b00000,0x000000fe64c00000)]
  0x000002707d62c000 JavaThread "ForkJoinPool-1-worker-3" daemon [_thread_blocked, id=5968, stack(0x000000fe65100000,0x000000fe65200000)]
  0x000002707d62c800 JavaThread "ForkJoinPool-1-worker-1" daemon [_thread_blocked, id=1556, stack(0x000000fe65200000,0x000000fe65300000)]

Other Threads:
=>0x000002707c5a0800 VMThread "VM Thread" [stack: 0x000000fe64000000,0x000000fe64100000] [id=2008]
  0x000002707d0c5800 WatcherThread [stack: 0x000000fe64900000,0x000000fe64a00000] [id=9052]
  0x00000270603b6800 GCTaskThread "GC Thread#0" [stack: 0x000000fe63b00000,0x000000fe63c00000] [id=11580]
  0x000002707d53d800 GCTaskThread "GC Thread#1" [stack: 0x000000fe64c00000,0x000000fe64d00000] [id=4320]
  0x000002707d25c000 GCTaskThread "GC Thread#2" [stack: 0x000000fe64d00000,0x000000fe64e00000] [id=4796]
  0x000002707e18e000 GCTaskThread "GC Thread#3" [stack: 0x000000fe65300000,0x000000fe65400000] [id=5428]
  0x00000270603d0800 ConcurrentGCThread "G1 Main Marker" [stack: 0x000000fe63c00000,0x000000fe63d00000] [id=8540]
  0x00000270603d3800 ConcurrentGCThread "G1 Conc#0" [stack: 0x000000fe63d00000,0x000000fe63e00000] [id=9524]
  0x000002706045e800 ConcurrentGCThread "G1 Refine#0" [stack: 0x000000fe63e00000,0x000000fe63f00000] [id=10652]
  0x000002707d25d000 ConcurrentGCThread "G1 Refine#1" [stack: 0x000000fe64e00000,0x000000fe64f00000] [id=6840]
  0x000002707db88000 ConcurrentGCThread "G1 Refine#2" [stack: 0x000000fe64f00000,0x000000fe65000000] [id=8532]
  0x000002707d50c000 ConcurrentGCThread "G1 Refine#3" [stack: 0x000000fe65000000,0x000000fe65100000] [id=11144]
  0x0000027060460000 ConcurrentGCThread "G1 Young RemSet Sampling" [stack: 0x000000fe63f00000,0x000000fe64000000] [id=11864]

Threads with active compile tasks:
C2 CompilerThread0   4543 2056       4       com.android.tools.r8.internal.Pa::a (6176 bytes)
C2 CompilerThread1   4543 1888 %     4       com.android.tools.r8.internal.Pa::a @ 3209 (4413 bytes)

VM state:at safepoint (normal execution)

VM Mutex/Monitor currently owned by a thread:  ([mutex/lock_event])
[0x000002706038f110] Threads_lock - owner thread: 0x000002707c5a0800
[0x000002706038fc50] Heap_lock - owner thread: 0x000002707d62c000

Heap address: 0x00000000c0000000, size: 1024 MB, Compressed Oops mode: 32-bit
Narrow klass base: 0x0000000000000000, Narrow klass shift: 3
Compressed class space size: 1073741824 Address: 0x0000000100000000

Heap:
 garbage-first heap   total 521216K, used 141312K [0x00000000c0000000, 0x0000000100000000)
  region size 1024K, 12 young (12288K), 12 survivors (12288K)
 Metaspace       used 14954K, capacity 15156K, committed 15232K, reserved 1062912K
  class space    used 1518K, capacity 1626K, committed 1664K, reserved 1048576K
Heap Regions: E=young(eden), S=young(survivor), O=old, HS=humongous(starts), HC=humongous(continues), CS=collection set, F=free, A=archive, TAMS=top-at-mark-start (previous, next)
|   0|0x00000000c0000000, 0x00000000c0100000, 0x00000000c0100000|100%|HS|  |TAMS 0x00000000c0000000, 0x00000000c0000000| Complete 
|   1|0x00000000c0100000, 0x00000000c0200000, 0x00000000c0200000|100%|HC|  |TAMS 0x00000000c0100000, 0x00000000c0100000| Complete 
|   2|0x00000000c0200000, 0x00000000c0300000, 0x00000000c0300000|100%| O|  |TAMS 0x00000000c0200000, 0x00000000c0200000| Untracked 
|   3|0x00000000c0300000, 0x00000000c0400000, 0x00000000c0400000|100%| O|  |TAMS 0x00000000c0300000, 0x00000000c0300000| Untracked 
|   4|0x00000000c0400000, 0x00000000c0500000, 0x00000000c0500000|100%| O|  |TAMS 0x00000000c0400000, 0x00000000c0400000| Untracked 
|   5|0x00000000c0500000, 0x00000000c0600000, 0x00000000c0600000|100%| O|  |TAMS 0x00000000c0500000, 0x00000000c0500000| Untracked 
|   6|0x00000000c0600000, 0x00000000c0700000, 0x00000000c0700000|100%| O|  |TAMS 0x00000000c0600000, 0x00000000c0600000| Untracked 
|   7|0x00000000c0700000, 0x00000000c0800000, 0x00000000c0800000|100%| O|  |TAMS 0x00000000c0700000, 0x00000000c0700000| Untracked 
|   8|0x00000000c0800000, 0x00000000c0900000, 0x00000000c0900000|100%| O|  |TAMS 0x00000000c0800000, 0x00000000c0800000| Untracked 
|   9|0x00000000c0900000, 0x00000000c0a00000, 0x00000000c0a00000|100%| O|  |TAMS 0x00000000c0900000, 0x00000000c0900000| Untracked 
|  10|0x00000000c0a00000, 0x00000000c0b00000, 0x00000000c0b00000|100%|HS|  |TAMS 0x00000000c0a00000, 0x00000000c0a00000| Complete 
|  11|0x00000000c0b00000, 0x00000000c0c00000, 0x00000000c0c00000|100%| O|  |TAMS 0x00000000c0b00000, 0x00000000c0b00000| Untracked 
|  12|0x00000000c0c00000, 0x00000000c0d00000, 0x00000000c0d00000|100%| O|  |TAMS 0x00000000c0c00000, 0x00000000c0c00000| Untracked 
|  13|0x00000000c0d00000, 0x00000000c0e00000, 0x00000000c0e00000|100%| O|  |TAMS 0x00000000c0d00000, 0x00000000c0d00000| Untracked 
|  14|0x00000000c0e00000, 0x00000000c0f00000, 0x00000000c0f00000|100%| O|  |TAMS 0x00000000c0e00000, 0x00000000c0e00000| Untracked 
|  15|0x00000000c0f00000, 0x00000000c1000000, 0x00000000c1000000|100%| O|  |TAMS 0x00000000c0f00000, 0x00000000c0f00000| Untracked 
|  16|0x00000000c1000000, 0x00000000c1100000, 0x00000000c1100000|100%| O|  |TAMS 0x00000000c1000000, 0x00000000c1000000| Untracked 
|  17|0x00000000c1100000, 0x00000000c1200000, 0x00000000c1200000|100%| O|  |TAMS 0x00000000c1100000, 0x00000000c1100000| Untracked 
|  18|0x00000000c1200000, 0x00000000c1300000, 0x00000000c1300000|100%| O|  |TAMS 0x00000000c1200000, 0x00000000c1200000| Untracked 
|  19|0x00000000c1300000, 0x00000000c1400000, 0x00000000c1400000|100%| O|  |TAMS 0x00000000c1300000, 0x00000000c1300000| Untracked 
|  20|0x00000000c1400000, 0x00000000c1500000, 0x00000000c1500000|100%| O|  |TAMS 0x00000000c1400000, 0x00000000c1400000| Untracked 
|  21|0x00000000c1500000, 0x00000000c1600000, 0x00000000c1600000|100%| O|  |TAMS 0x00000000c1500000, 0x00000000c1500000| Untracked 
|  22|0x00000000c1600000, 0x00000000c1700000, 0x00000000c1700000|100%| O|  |TAMS 0x00000000c1600000, 0x00000000c1600000| Untracked 
|  23|0x00000000c1700000, 0x00000000c1800000, 0x00000000c1800000|100%| O|  |TAMS 0x00000000c1700000, 0x00000000c1700000| Untracked 
|  24|0x00000000c1800000, 0x00000000c1900000, 0x00000000c1900000|100%| O|  |TAMS 0x00000000c1800000, 0x00000000c1800000| Untracked 
|  25|0x00000000c1900000, 0x00000000c1a00000, 0x00000000c1a00000|100%| O|  |TAMS 0x00000000c1900000, 0x00000000c1900000| Untracked 
|  26|0x00000000c1a00000, 0x00000000c1b00000, 0x00000000c1b00000|100%| O|  |TAMS 0x00000000c1a00000, 0x00000000c1a00000| Untracked 
|  27|0x00000000c1b00000, 0x00000000c1c00000, 0x00000000c1c00000|100%| O|  |TAMS 0x00000000c1b00000, 0x00000000c1b00000| Untracked 
|  28|0x00000000c1c00000, 0x00000000c1d00000, 0x00000000c1d00000|100%| O|  |TAMS 0x00000000c1c00000, 0x00000000c1c00000| Untracked 
|  29|0x00000000c1d00000, 0x00000000c1e00000, 0x00000000c1e00000|100%| O|  |TAMS 0x00000000c1d00000, 0x00000000c1d00000| Untracked 
|  30|0x00000000c1e00000, 0x00000000c1f00000, 0x00000000c1f00000|100%| O|  |TAMS 0x00000000c1e00000, 0x00000000c1e00000| Untracked 
|  31|0x00000000c1f00000, 0x00000000c2000000, 0x00000000c2000000|100%| O|  |TAMS 0x00000000c1f00000, 0x00000000c1f00000| Untracked 
|  32|0x00000000c2000000, 0x00000000c2100000, 0x00000000c2100000|100%| O|  |TAMS 0x00000000c2000000, 0x00000000c2000000| Untracked 
|  33|0x00000000c2100000, 0x00000000c2200000, 0x00000000c2200000|100%| O|  |TAMS 0x00000000c2100000, 0x00000000c2100000| Untracked 
|  34|0x00000000c2200000, 0x00000000c2300000, 0x00000000c2300000|100%| O|  |TAMS 0x00000000c2200000, 0x00000000c2200000| Untracked 
|  35|0x00000000c2300000, 0x00000000c2400000, 0x00000000c2400000|100%| O|  |TAMS 0x00000000c2300000, 0x00000000c2300000| Untracked 
|  36|0x00000000c2400000, 0x00000000c2500000, 0x00000000c2500000|100%| O|  |TAMS 0x00000000c2400000, 0x00000000c2400000| Untracked 
|  37|0x00000000c2500000, 0x00000000c2600000, 0x00000000c2600000|100%| O|  |TAMS 0x00000000c2500000, 0x00000000c2500000| Untracked 
|  38|0x00000000c2600000, 0x00000000c2700000, 0x00000000c2700000|100%| O|  |TAMS 0x00000000c2600000, 0x00000000c2600000| Untracked 
|  39|0x00000000c2700000, 0x00000000c2800000, 0x00000000c2800000|100%| O|  |TAMS 0x00000000c2700000, 0x00000000c2700000| Untracked 
|  40|0x00000000c2800000, 0x00000000c2900000, 0x00000000c2900000|100%| O|  |TAMS 0x00000000c2800000, 0x00000000c2800000| Untracked 
|  41|0x00000000c2900000, 0x00000000c2a00000, 0x00000000c2a00000|100%| O|  |TAMS 0x00000000c2900000, 0x00000000c2900000| Untracked 
|  42|0x00000000c2a00000, 0x00000000c2b00000, 0x00000000c2b00000|100%| O|  |TAMS 0x00000000c2a00000, 0x00000000c2a00000| Untracked 
|  43|0x00000000c2b00000, 0x00000000c2c00000, 0x00000000c2c00000|100%| O|  |TAMS 0x00000000c2b00000, 0x00000000c2b00000| Untracked 
|  44|0x00000000c2c00000, 0x00000000c2d00000, 0x00000000c2d00000|100%| O|  |TAMS 0x00000000c2c00000, 0x00000000c2c00000| Untracked 
|  45|0x00000000c2d00000, 0x00000000c2e00000, 0x00000000c2e00000|100%| O|  |TAMS 0x00000000c2d00000, 0x00000000c2d00000| Untracked 
|  46|0x00000000c2e00000, 0x00000000c2f00000, 0x00000000c2f00000|100%| O|  |TAMS 0x00000000c2e00000, 0x00000000c2e00000| Untracked 
|  47|0x00000000c2f00000, 0x00000000c3000000, 0x00000000c3000000|100%| O|  |TAMS 0x00000000c2f00000, 0x00000000c2f00000| Untracked 
|  48|0x00000000c3000000, 0x00000000c3100000, 0x00000000c3100000|100%| O|  |TAMS 0x00000000c3000000, 0x00000000c3000000| Untracked 
|  49|0x00000000c3100000, 0x00000000c3200000, 0x00000000c3200000|100%| O|  |TAMS 0x00000000c3100000, 0x00000000c3100000| Untracked 
|  50|0x00000000c3200000, 0x00000000c3300000, 0x00000000c3300000|100%| O|  |TAMS 0x00000000c3200000, 0x00000000c3200000| Untracked 
|  51|0x00000000c3300000, 0x00000000c3400000, 0x00000000c3400000|100%| O|  |TAMS 0x00000000c3300000, 0x00000000c3300000| Untracked 
|  52|0x00000000c3400000, 0x00000000c3500000, 0x00000000c3500000|100%| O|  |TAMS 0x00000000c3400000, 0x00000000c3400000| Untracked 
|  53|0x00000000c3500000, 0x00000000c3600000, 0x00000000c3600000|100%| O|  |TAMS 0x00000000c3500000, 0x00000000c3500000| Untracked 
|  54|0x00000000c3600000, 0x00000000c3700000, 0x00000000c3700000|100%| O|  |TAMS 0x00000000c3600000, 0x00000000c3600000| Untracked 
|  55|0x00000000c3700000, 0x00000000c3800000, 0x00000000c3800000|100%| O|  |TAMS 0x00000000c3700000, 0x00000000c3700000| Untracked 
|  56|0x00000000c3800000, 0x00000000c3900000, 0x00000000c3900000|100%| O|  |TAMS 0x00000000c3800000, 0x00000000c3800000| Untracked 
|  57|0x00000000c3900000, 0x00000000c3a00000, 0x00000000c3a00000|100%| O|  |TAMS 0x00000000c3900000, 0x00000000c3900000| Untracked 
|  58|0x00000000c3a00000, 0x00000000c3b00000, 0x00000000c3b00000|100%| O|  |TAMS 0x00000000c3a00000, 0x00000000c3a00000| Untracked 
|  59|0x00000000c3b00000, 0x00000000c3c00000, 0x00000000c3c00000|100%| O|  |TAMS 0x00000000c3b00000, 0x00000000c3b00000| Untracked 
|  60|0x00000000c3c00000, 0x00000000c3d00000, 0x00000000c3d00000|100%| O|  |TAMS 0x00000000c3c00000, 0x00000000c3c00000| Untracked 
|  61|0x00000000c3d00000, 0x00000000c3e00000, 0x00000000c3e00000|100%| O|  |TAMS 0x00000000c3d00000, 0x00000000c3d00000| Untracked 
|  62|0x00000000c3e00000, 0x00000000c3f00000, 0x00000000c3f00000|100%| O|  |TAMS 0x00000000c3e00000, 0x00000000c3e00000| Untracked 
|  63|0x00000000c3f00000, 0x00000000c4000000, 0x00000000c4000000|100%| O|  |TAMS 0x00000000c3f00000, 0x00000000c3f00000| Untracked 
|  64|0x00000000c4000000, 0x00000000c4100000, 0x00000000c4100000|100%| O|  |TAMS 0x00000000c4000000, 0x00000000c4000000| Untracked 
|  65|0x00000000c4100000, 0x00000000c4200000, 0x00000000c4200000|100%| O|  |TAMS 0x00000000c4100000, 0x00000000c4100000| Untracked 
|  66|0x00000000c4200000, 0x00000000c4300000, 0x00000000c4300000|100%| O|  |TAMS 0x00000000c4200000, 0x00000000c4200000| Untracked 
|  67|0x00000000c4300000, 0x00000000c4400000, 0x00000000c4400000|100%| O|  |TAMS 0x00000000c4300000, 0x00000000c4300000| Untracked 
|  68|0x00000000c4400000, 0x00000000c4500000, 0x00000000c4500000|100%| O|  |TAMS 0x00000000c4400000, 0x00000000c4400000| Untracked 
|  69|0x00000000c4500000, 0x00000000c4600000, 0x00000000c4600000|100%| O|  |TAMS 0x00000000c4500000, 0x00000000c4500000| Untracked 
|  70|0x00000000c4600000, 0x00000000c4700000, 0x00000000c4700000|100%| O|  |TAMS 0x00000000c4600000, 0x00000000c4600000| Untracked 
|  71|0x00000000c4700000, 0x00000000c4800000, 0x00000000c4800000|100%| O|  |TAMS 0x00000000c4700000, 0x00000000c4700000| Untracked 
|  72|0x00000000c4800000, 0x00000000c4900000, 0x00000000c4900000|100%| O|  |TAMS 0x00000000c4800000, 0x00000000c4800000| Untracked 
|  73|0x00000000c4900000, 0x00000000c4a00000, 0x00000000c4a00000|100%| O|  |TAMS 0x00000000c4900000, 0x00000000c4900000| Untracked 
|  74|0x00000000c4a00000, 0x00000000c4b00000, 0x00000000c4b00000|100%|HS|  |TAMS 0x00000000c4a00000, 0x00000000c4a00000| Complete 
|  75|0x00000000c4b00000, 0x00000000c4c00000, 0x00000000c4c00000|100%|HS|  |TAMS 0x00000000c4b00000, 0x00000000c4b00000| Complete 
|  76|0x00000000c4c00000, 0x00000000c4d00000, 0x00000000c4d00000|100%| O|  |TAMS 0x00000000c4c00000, 0x00000000c4c00000| Untracked 
|  77|0x00000000c4d00000, 0x00000000c4e00000, 0x00000000c4e00000|100%| O|  |TAMS 0x00000000c4d00000, 0x00000000c4d00000| Untracked 
|  78|0x00000000c4e00000, 0x00000000c4f00000, 0x00000000c4f00000|100%| O|  |TAMS 0x00000000c4e00000, 0x00000000c4e00000| Untracked 
|  79|0x00000000c4f00000, 0x00000000c5000000, 0x00000000c5000000|100%| O|  |TAMS 0x00000000c4f00000, 0x00000000c4f00000| Untracked 
|  80|0x00000000c5000000, 0x00000000c5100000, 0x00000000c5100000|100%| O|  |TAMS 0x00000000c5000000, 0x00000000c5000000| Untracked 
|  81|0x00000000c5100000, 0x00000000c5200000, 0x00000000c5200000|100%| O|  |TAMS 0x00000000c5100000, 0x00000000c5100000| Untracked 
|  82|0x00000000c5200000, 0x00000000c5300000, 0x00000000c5300000|100%| O|  |TAMS 0x00000000c5200000, 0x00000000c5200000| Untracked 
|  83|0x00000000c5300000, 0x00000000c5400000, 0x00000000c5400000|100%| O|  |TAMS 0x00000000c5300000, 0x00000000c5300000| Untracked 
|  84|0x00000000c5400000, 0x00000000c5500000, 0x00000000c5500000|100%| O|  |TAMS 0x00000000c5400000, 0x00000000c5400000| Untracked 
|  85|0x00000000c5500000, 0x00000000c5600000, 0x00000000c5600000|100%|HS|  |TAMS 0x00000000c5500000, 0x00000000c5500000| Complete 
|  86|0x00000000c5600000, 0x00000000c5700000, 0x00000000c5700000|100%| O|  |TAMS 0x00000000c5600000, 0x00000000c5600000| Untracked 
|  87|0x00000000c5700000, 0x00000000c5800000, 0x00000000c5800000|100%| O|  |TAMS 0x00000000c5700000, 0x00000000c5700000| Untracked 
|  88|0x00000000c5800000, 0x00000000c5900000, 0x00000000c5900000|100%| O|  |TAMS 0x00000000c5800000, 0x00000000c5800000| Untracked 
|  89|0x00000000c5900000, 0x00000000c5a00000, 0x00000000c5a00000|100%| O|  |TAMS 0x00000000c5900000, 0x00000000c5900000| Untracked 
|  90|0x00000000c5a00000, 0x00000000c5b00000, 0x00000000c5b00000|100%| O|  |TAMS 0x00000000c5a00000, 0x00000000c5a00000| Untracked 
|  91|0x00000000c5b00000, 0x00000000c5c00000, 0x00000000c5c00000|100%| O|  |TAMS 0x00000000c5b00000, 0x00000000c5b00000| Untracked 
|  92|0x00000000c5c00000, 0x00000000c5d00000, 0x00000000c5d00000|100%| O|  |TAMS 0x00000000c5c00000, 0x00000000c5c00000| Untracked 
|  93|0x00000000c5d00000, 0x00000000c5e00000, 0x00000000c5e00000|100%| O|  |TAMS 0x00000000c5d00000, 0x00000000c5d00000| Untracked 
|  94|0x00000000c5e00000, 0x00000000c5f00000, 0x00000000c5f00000|100%| O|  |TAMS 0x00000000c5e00000, 0x00000000c5e00000| Untracked 
|  95|0x00000000c5f00000, 0x00000000c6000000, 0x00000000c6000000|100%| O|  |TAMS 0x00000000c5f00000, 0x00000000c5f00000| Untracked 
|  96|0x00000000c6000000, 0x00000000c6100000, 0x00000000c6100000|100%| O|  |TAMS 0x00000000c6000000, 0x00000000c6000000| Untracked 
|  97|0x00000000c6100000, 0x00000000c6200000, 0x00000000c6200000|100%|HS|  |TAMS 0x00000000c6100000, 0x00000000c6100000| Complete 
|  98|0x00000000c6200000, 0x00000000c6300000, 0x00000000c6300000|100%| O|  |TAMS 0x00000000c6200000, 0x00000000c6200000| Untracked 
|  99|0x00000000c6300000, 0x00000000c6400000, 0x00000000c6400000|100%| O|  |TAMS 0x00000000c6300000, 0x00000000c6300000| Untracked 
| 100|0x00000000c6400000, 0x00000000c6500000, 0x00000000c6500000|100%| O|  |TAMS 0x00000000c6400000, 0x00000000c6400000| Untracked 
| 101|0x00000000c6500000, 0x00000000c6600000, 0x00000000c6600000|100%| O|  |TAMS 0x00000000c6500000, 0x00000000c6500000| Untracked 
| 102|0x00000000c6600000, 0x00000000c6700000, 0x00000000c6700000|100%| O|  |TAMS 0x00000000c6600000, 0x00000000c6600000| Untracked 
| 103|0x00000000c6700000, 0x00000000c6800000, 0x00000000c6800000|100%| O|  |TAMS 0x00000000c6700000, 0x00000000c6700000| Untracked 
| 104|0x00000000c6800000, 0x00000000c6900000, 0x00000000c6900000|100%| O|  |TAMS 0x00000000c6800000, 0x00000000c6800000| Untracked 
| 105|0x00000000c6900000, 0x00000000c6a00000, 0x00000000c6a00000|100%| O|  |TAMS 0x00000000c6900000, 0x00000000c6900000| Untracked 
| 106|0x00000000c6a00000, 0x00000000c6b00000, 0x00000000c6b00000|100%| O|  |TAMS 0x00000000c6a00000, 0x00000000c6a00000| Untracked 
| 107|0x00000000c6b00000, 0x00000000c6c00000, 0x00000000c6c00000|100%| O|  |TAMS 0x00000000c6b00000, 0x00000000c6b00000| Untracked 
| 108|0x00000000c6c00000, 0x00000000c6d00000, 0x00000000c6d00000|100%| O|  |TAMS 0x00000000c6c00000, 0x00000000c6c00000| Untracked 
| 109|0x00000000c6d00000, 0x00000000c6e00000, 0x00000000c6e00000|100%| O|  |TAMS 0x00000000c6d00000, 0x00000000c6d00000| Untracked 
| 110|0x00000000c6e00000, 0x00000000c6f00000, 0x00000000c6f00000|100%| O|  |TAMS 0x00000000c6e00000, 0x00000000c6e00000| Untracked 
| 111|0x00000000c6f00000, 0x00000000c7000000, 0x00000000c7000000|100%| O|  |TAMS 0x00000000c6f00000, 0x00000000c6f00000| Untracked 
| 112|0x00000000c7000000, 0x00000000c7100000, 0x00000000c7100000|100%| O|  |TAMS 0x00000000c7000000, 0x00000000c7000000| Untracked 
| 113|0x00000000c7100000, 0x00000000c7200000, 0x00000000c7200000|100%| O|  |TAMS 0x00000000c7100000, 0x00000000c7100000| Untracked 
| 114|0x00000000c7200000, 0x00000000c7300000, 0x00000000c7300000|100%| O|  |TAMS 0x00000000c7200000, 0x00000000c7200000| Untracked 
| 115|0x00000000c7300000, 0x00000000c7400000, 0x00000000c7400000|100%| O|  |TAMS 0x00000000c7300000, 0x00000000c7300000| Untracked 
| 116|0x00000000c7400000, 0x00000000c7500000, 0x00000000c7500000|100%| O|  |TAMS 0x00000000c7400000, 0x00000000c7400000| Untracked 
| 117|0x00000000c7500000, 0x00000000c7600000, 0x00000000c7600000|100%| O|  |TAMS 0x00000000c7500000, 0x00000000c7500000| Untracked 
| 118|0x00000000c7600000, 0x00000000c7700000, 0x00000000c7700000|100%| O|  |TAMS 0x00000000c7600000, 0x00000000c7600000| Untracked 
| 119|0x00000000c7700000, 0x00000000c7800000, 0x00000000c7800000|100%| O|  |TAMS 0x00000000c7700000, 0x00000000c7700000| Untracked 
| 120|0x00000000c7800000, 0x00000000c7900000, 0x00000000c7900000|100%| O|  |TAMS 0x00000000c7800000, 0x00000000c7800000| Untracked 
| 121|0x00000000c7900000, 0x00000000c7a00000, 0x00000000c7a00000|100%| O|  |TAMS 0x00000000c7900000, 0x00000000c7900000| Untracked 
| 122|0x00000000c7a00000, 0x00000000c7b00000, 0x00000000c7b00000|100%| O|  |TAMS 0x00000000c7a00000, 0x00000000c7a00000| Untracked 
| 123|0x00000000c7b00000, 0x00000000c7c00000, 0x00000000c7c00000|100%| O|  |TAMS 0x00000000c7b00000, 0x00000000c7b00000| Untracked 
| 124|0x00000000c7c00000, 0x00000000c7d00000, 0x00000000c7d00000|100%| O|  |TAMS 0x00000000c7c00000, 0x00000000c7c00000| Untracked 
| 125|0x00000000c7d00000, 0x00000000c7e00000, 0x00000000c7e00000|100%| O|  |TAMS 0x00000000c7d00000, 0x00000000c7d00000| Untracked 
| 126|0x00000000c7e00000, 0x00000000c7e00000, 0x00000000c7f00000|  0%| F|  |TAMS 0x00000000c7e00000, 0x00000000c7e00000| Untracked 
| 127|0x00000000c7f00000, 0x00000000c7f00000, 0x00000000c8000000|  0%| F|  |TAMS 0x00000000c7f00000, 0x00000000c7f00000| Untracked 
| 128|0x00000000c8000000, 0x00000000c8000000, 0x00000000c8100000|  0%| F|  |TAMS 0x00000000c8000000, 0x00000000c8000000| Untracked 
| 129|0x00000000c8100000, 0x00000000c8100000, 0x00000000c8200000|  0%| F|  |TAMS 0x00000000c8100000, 0x00000000c8100000| Untracked 
| 130|0x00000000c8200000, 0x00000000c8200000, 0x00000000c8300000|  0%| F|  |TAMS 0x00000000c8200000, 0x00000000c8200000| Untracked 
| 131|0x00000000c8300000, 0x00000000c8300000, 0x00000000c8400000|  0%| F|  |TAMS 0x00000000c8300000, 0x00000000c8300000| Untracked 
| 132|0x00000000c8400000, 0x00000000c8400000, 0x00000000c8500000|  0%| F|  |TAMS 0x00000000c8400000, 0x00000000c8400000| Untracked 
| 133|0x00000000c8500000, 0x00000000c8500000, 0x00000000c8600000|  0%| F|  |TAMS 0x00000000c8500000, 0x00000000c8500000| Untracked 
| 134|0x00000000c8600000, 0x00000000c8600000, 0x00000000c8700000|  0%| F|  |TAMS 0x00000000c8600000, 0x00000000c8600000| Untracked 
| 135|0x00000000c8700000, 0x00000000c8700000, 0x00000000c8800000|  0%| F|  |TAMS 0x00000000c8700000, 0x00000000c8700000| Untracked 
| 136|0x00000000c8800000, 0x00000000c8800000, 0x00000000c8900000|  0%| F|  |TAMS 0x00000000c8800000, 0x00000000c8800000| Untracked 
| 137|0x00000000c8900000, 0x00000000c8900000, 0x00000000c8a00000|  0%| F|  |TAMS 0x00000000c8900000, 0x00000000c8900000| Untracked 
| 138|0x00000000c8a00000, 0x00000000c8a00000, 0x00000000c8b00000|  0%| F|  |TAMS 0x00000000c8a00000, 0x00000000c8a00000| Untracked 
| 139|0x00000000c8b00000, 0x00000000c8b00000, 0x00000000c8c00000|  0%| F|  |TAMS 0x00000000c8b00000, 0x00000000c8b00000| Untracked 
| 140|0x00000000c8c00000, 0x00000000c8c00000, 0x00000000c8d00000|  0%| F|  |TAMS 0x00000000c8c00000, 0x00000000c8c00000| Untracked 
| 141|0x00000000c8d00000, 0x00000000c8d00000, 0x00000000c8e00000|  0%| F|  |TAMS 0x00000000c8d00000, 0x00000000c8d00000| Untracked 
| 142|0x00000000c8e00000, 0x00000000c8e00000, 0x00000000c8f00000|  0%| F|  |TAMS 0x00000000c8e00000, 0x00000000c8e00000| Untracked 
| 143|0x00000000c8f00000, 0x00000000c8f00000, 0x00000000c9000000|  0%| F|  |TAMS 0x00000000c8f00000, 0x00000000c8f00000| Untracked 
| 144|0x00000000c9000000, 0x00000000c9000000, 0x00000000c9100000|  0%| F|  |TAMS 0x00000000c9000000, 0x00000000c9000000| Untracked 
| 145|0x00000000c9100000, 0x00000000c9100000, 0x00000000c9200000|  0%| F|  |TAMS 0x00000000c9100000, 0x00000000c9100000| Untracked 
| 146|0x00000000c9200000, 0x00000000c9200000, 0x00000000c9300000|  0%| F|  |TAMS 0x00000000c9200000, 0x00000000c9200000| Untracked 
| 147|0x00000000c9300000, 0x00000000c9300000, 0x00000000c9400000|  0%| F|  |TAMS 0x00000000c9300000, 0x00000000c9300000| Untracked 
| 148|0x00000000c9400000, 0x00000000c9400000, 0x00000000c9500000|  0%| F|  |TAMS 0x00000000c9400000, 0x00000000c9400000| Untracked 
| 149|0x00000000c9500000, 0x00000000c9500000, 0x00000000c9600000|  0%| F|  |TAMS 0x00000000c9500000, 0x00000000c9500000| Untracked 
| 150|0x00000000c9600000, 0x00000000c9600000, 0x00000000c9700000|  0%| F|  |TAMS 0x00000000c9600000, 0x00000000c9600000| Untracked 
| 151|0x00000000c9700000, 0x00000000c9700000, 0x00000000c9800000|  0%| F|  |TAMS 0x00000000c9700000, 0x00000000c9700000| Untracked 
| 152|0x00000000c9800000, 0x00000000c9800000, 0x00000000c9900000|  0%| F|  |TAMS 0x00000000c9800000, 0x00000000c9800000| Untracked 
| 153|0x00000000c9900000, 0x00000000c9900000, 0x00000000c9a00000|  0%| F|  |TAMS 0x00000000c9900000, 0x00000000c9900000| Untracked 
| 154|0x00000000c9a00000, 0x00000000c9a00000, 0x00000000c9b00000|  0%| F|  |TAMS 0x00000000c9a00000, 0x00000000c9a00000| Untracked 
| 155|0x00000000c9b00000, 0x00000000c9b00000, 0x00000000c9c00000|  0%| F|  |TAMS 0x00000000c9b00000, 0x00000000c9b00000| Untracked 
| 156|0x00000000c9c00000, 0x00000000c9c00000, 0x00000000c9d00000|  0%| F|  |TAMS 0x00000000c9c00000, 0x00000000c9c00000| Untracked 
| 157|0x00000000c9d00000, 0x00000000c9d00000, 0x00000000c9e00000|  0%| F|  |TAMS 0x00000000c9d00000, 0x00000000c9d00000| Untracked 
| 158|0x00000000c9e00000, 0x00000000c9e00000, 0x00000000c9f00000|  0%| F|  |TAMS 0x00000000c9e00000, 0x00000000c9e00000| Untracked 
| 159|0x00000000c9f00000, 0x00000000c9f00000, 0x00000000ca000000|  0%| F|  |TAMS 0x00000000c9f00000, 0x00000000c9f00000| Untracked 
| 160|0x00000000ca000000, 0x00000000ca000000, 0x00000000ca100000|  0%| F|  |TAMS 0x00000000ca000000, 0x00000000ca000000| Untracked 
| 161|0x00000000ca100000, 0x00000000ca100000, 0x00000000ca200000|  0%| F|  |TAMS 0x00000000ca100000, 0x00000000ca100000| Untracked 
| 162|0x00000000ca200000, 0x00000000ca200000, 0x00000000ca300000|  0%| F|  |TAMS 0x00000000ca200000, 0x00000000ca200000| Untracked 
| 163|0x00000000ca300000, 0x00000000ca300000, 0x00000000ca400000|  0%| F|  |TAMS 0x00000000ca300000, 0x00000000ca300000| Untracked 
| 164|0x00000000ca400000, 0x00000000ca400000, 0x00000000ca500000|  0%| F|  |TAMS 0x00000000ca400000, 0x00000000ca400000| Untracked 
| 165|0x00000000ca500000, 0x00000000ca500000, 0x00000000ca600000|  0%| F|  |TAMS 0x00000000ca500000, 0x00000000ca500000| Untracked 
| 166|0x00000000ca600000, 0x00000000ca600000, 0x00000000ca700000|  0%| F|  |TAMS 0x00000000ca600000, 0x00000000ca600000| Untracked 
| 167|0x00000000ca700000, 0x00000000ca700000, 0x00000000ca800000|  0%| F|  |TAMS 0x00000000ca700000, 0x00000000ca700000| Untracked 
| 168|0x00000000ca800000, 0x00000000ca800000, 0x00000000ca900000|  0%| F|  |TAMS 0x00000000ca800000, 0x00000000ca800000| Untracked 
| 169|0x00000000ca900000, 0x00000000ca900000, 0x00000000caa00000|  0%| F|  |TAMS 0x00000000ca900000, 0x00000000ca900000| Untracked 
| 170|0x00000000caa00000, 0x00000000caa00000, 0x00000000cab00000|  0%| F|  |TAMS 0x00000000caa00000, 0x00000000caa00000| Untracked 
| 171|0x00000000cab00000, 0x00000000cab00000, 0x00000000cac00000|  0%| F|  |TAMS 0x00000000cab00000, 0x00000000cab00000| Untracked 
| 172|0x00000000cac00000, 0x00000000cac00000, 0x00000000cad00000|  0%| F|  |TAMS 0x00000000cac00000, 0x00000000cac00000| Untracked 
| 173|0x00000000cad00000, 0x00000000cad00000, 0x00000000cae00000|  0%| F|  |TAMS 0x00000000cad00000, 0x00000000cad00000| Untracked 
| 174|0x00000000cae00000, 0x00000000cae00000, 0x00000000caf00000|  0%| F|  |TAMS 0x00000000cae00000, 0x00000000cae00000| Untracked 
| 175|0x00000000caf00000, 0x00000000caf00000, 0x00000000cb000000|  0%| F|  |TAMS 0x00000000caf00000, 0x00000000caf00000| Untracked 
| 176|0x00000000cb000000, 0x00000000cb000000, 0x00000000cb100000|  0%| F|  |TAMS 0x00000000cb000000, 0x00000000cb000000| Untracked 
| 177|0x00000000cb100000, 0x00000000cb100000, 0x00000000cb200000|  0%| F|  |TAMS 0x00000000cb100000, 0x00000000cb100000| Untracked 
| 178|0x00000000cb200000, 0x00000000cb200000, 0x00000000cb300000|  0%| F|  |TAMS 0x00000000cb200000, 0x00000000cb200000| Untracked 
| 179|0x00000000cb300000, 0x00000000cb300000, 0x00000000cb400000|  0%| F|  |TAMS 0x00000000cb300000, 0x00000000cb300000| Untracked 
| 180|0x00000000cb400000, 0x00000000cb400000, 0x00000000cb500000|  0%| F|  |TAMS 0x00000000cb400000, 0x00000000cb400000| Untracked 
| 181|0x00000000cb500000, 0x00000000cb500000, 0x00000000cb600000|  0%| F|  |TAMS 0x00000000cb500000, 0x00000000cb500000| Untracked 
| 182|0x00000000cb600000, 0x00000000cb600000, 0x00000000cb700000|  0%| F|  |TAMS 0x00000000cb600000, 0x00000000cb600000| Untracked 
| 183|0x00000000cb700000, 0x00000000cb700000, 0x00000000cb800000|  0%| F|  |TAMS 0x00000000cb700000, 0x00000000cb700000| Untracked 
| 184|0x00000000cb800000, 0x00000000cb800000, 0x00000000cb900000|  0%| F|  |TAMS 0x00000000cb800000, 0x00000000cb800000| Untracked 
| 185|0x00000000cb900000, 0x00000000cb900000, 0x00000000cba00000|  0%| F|  |TAMS 0x00000000cb900000, 0x00000000cb900000| Untracked 
| 186|0x00000000cba00000, 0x00000000cba00000, 0x00000000cbb00000|  0%| F|  |TAMS 0x00000000cba00000, 0x00000000cba00000| Untracked 
| 187|0x00000000cbb00000, 0x00000000cbb00000, 0x00000000cbc00000|  0%| F|  |TAMS 0x00000000cbb00000, 0x00000000cbb00000| Untracked 
| 188|0x00000000cbc00000, 0x00000000cbc00000, 0x00000000cbd00000|  0%| F|  |TAMS 0x00000000cbc00000, 0x00000000cbc00000| Untracked 
| 189|0x00000000cbd00000, 0x00000000cbd00000, 0x00000000cbe00000|  0%| F|  |TAMS 0x00000000cbd00000, 0x00000000cbd00000| Untracked 
| 190|0x00000000cbe00000, 0x00000000cbe00000, 0x00000000cbf00000|  0%| F|  |TAMS 0x00000000cbe00000, 0x00000000cbe00000| Untracked 
| 191|0x00000000cbf00000, 0x00000000cbf00000, 0x00000000cc000000|  0%| F|  |TAMS 0x00000000cbf00000, 0x00000000cbf00000| Untracked 
| 192|0x00000000cc000000, 0x00000000cc000000, 0x00000000cc100000|  0%| F|  |TAMS 0x00000000cc000000, 0x00000000cc000000| Untracked 
| 193|0x00000000cc100000, 0x00000000cc100000, 0x00000000cc200000|  0%| F|  |TAMS 0x00000000cc100000, 0x00000000cc100000| Untracked 
| 194|0x00000000cc200000, 0x00000000cc200000, 0x00000000cc300000|  0%| F|  |TAMS 0x00000000cc200000, 0x00000000cc200000| Untracked 
| 195|0x00000000cc300000, 0x00000000cc300000, 0x00000000cc400000|  0%| F|  |TAMS 0x00000000cc300000, 0x00000000cc300000| Untracked 
| 196|0x00000000cc400000, 0x00000000cc400000, 0x00000000cc500000|  0%| F|  |TAMS 0x00000000cc400000, 0x00000000cc400000| Untracked 
| 197|0x00000000cc500000, 0x00000000cc500000, 0x00000000cc600000|  0%| F|  |TAMS 0x00000000cc500000, 0x00000000cc500000| Untracked 
| 198|0x00000000cc600000, 0x00000000cc600000, 0x00000000cc700000|  0%| F|  |TAMS 0x00000000cc600000, 0x00000000cc600000| Untracked 
| 199|0x00000000cc700000, 0x00000000cc700000, 0x00000000cc800000|  0%| F|  |TAMS 0x00000000cc700000, 0x00000000cc700000| Untracked 
| 200|0x00000000cc800000, 0x00000000cc800000, 0x00000000cc900000|  0%| F|  |TAMS 0x00000000cc800000, 0x00000000cc800000| Untracked 
| 201|0x00000000cc900000, 0x00000000cc900000, 0x00000000cca00000|  0%| F|  |TAMS 0x00000000cc900000, 0x00000000cc900000| Untracked 
| 202|0x00000000cca00000, 0x00000000cca00000, 0x00000000ccb00000|  0%| F|  |TAMS 0x00000000cca00000, 0x00000000cca00000| Untracked 
| 203|0x00000000ccb00000, 0x00000000ccb00000, 0x00000000ccc00000|  0%| F|  |TAMS 0x00000000ccb00000, 0x00000000ccb00000| Untracked 
| 204|0x00000000ccc00000, 0x00000000ccd00000, 0x00000000ccd00000|100%| S|CS|TAMS 0x00000000ccc00000, 0x00000000ccc00000| Complete 
| 205|0x00000000ccd00000, 0x00000000cce00000, 0x00000000cce00000|100%| S|CS|TAMS 0x00000000ccd00000, 0x00000000ccd00000| Complete 
| 206|0x00000000cce00000, 0x00000000ccf00000, 0x00000000ccf00000|100%| S|CS|TAMS 0x00000000cce00000, 0x00000000cce00000| Complete 
| 207|0x00000000ccf00000, 0x00000000cd000000, 0x00000000cd000000|100%| S|CS|TAMS 0x00000000ccf00000, 0x00000000ccf00000| Complete 
| 208|0x00000000cd000000, 0x00000000cd100000, 0x00000000cd100000|100%| S|CS|TAMS 0x00000000cd000000, 0x00000000cd000000| Complete 
| 209|0x00000000cd100000, 0x00000000cd200000, 0x00000000cd200000|100%| S|CS|TAMS 0x00000000cd100000, 0x00000000cd100000| Complete 
| 210|0x00000000cd200000, 0x00000000cd300000, 0x00000000cd300000|100%| S|CS|TAMS 0x00000000cd200000, 0x00000000cd200000| Complete 
| 211|0x00000000cd300000, 0x00000000cd300000, 0x00000000cd400000|  0%| F|  |TAMS 0x00000000cd300000, 0x00000000cd300000| Untracked 
| 212|0x00000000cd400000, 0x00000000cd400000, 0x00000000cd500000|  0%| F|  |TAMS 0x00000000cd400000, 0x00000000cd400000| Untracked 
| 213|0x00000000cd500000, 0x00000000cd500000, 0x00000000cd600000|  0%| F|  |TAMS 0x00000000cd500000, 0x00000000cd500000| Untracked 
| 214|0x00000000cd600000, 0x00000000cd600000, 0x00000000cd700000|  0%| F|  |TAMS 0x00000000cd600000, 0x00000000cd600000| Untracked 
| 215|0x00000000cd700000, 0x00000000cd700000, 0x00000000cd800000|  0%| F|  |TAMS 0x00000000cd700000, 0x00000000cd700000| Untracked 
| 216|0x00000000cd800000, 0x00000000cd800000, 0x00000000cd900000|  0%| F|  |TAMS 0x00000000cd800000, 0x00000000cd800000| Untracked 
| 217|0x00000000cd900000, 0x00000000cd900000, 0x00000000cda00000|  0%| F|  |TAMS 0x00000000cd900000, 0x00000000cd900000| Untracked 
| 218|0x00000000cda00000, 0x00000000cda00000, 0x00000000cdb00000|  0%| F|  |TAMS 0x00000000cda00000, 0x00000000cda00000| Untracked 
| 219|0x00000000cdb00000, 0x00000000cdb00000, 0x00000000cdc00000|  0%| F|  |TAMS 0x00000000cdb00000, 0x00000000cdb00000| Untracked 
| 220|0x00000000cdc00000, 0x00000000cdc00000, 0x00000000cdd00000|  0%| F|  |TAMS 0x00000000cdc00000, 0x00000000cdc00000| Untracked 
| 221|0x00000000cdd00000, 0x00000000cdd00000, 0x00000000cde00000|  0%| F|  |TAMS 0x00000000cdd00000, 0x00000000cdd00000| Untracked 
| 222|0x00000000cde00000, 0x00000000cdf00000, 0x00000000cdf00000|100%| S|CS|TAMS 0x00000000cde00000, 0x00000000cde00000| Complete 
| 223|0x00000000cdf00000, 0x00000000ce000000, 0x00000000ce000000|100%| S|CS|TAMS 0x00000000cdf00000, 0x00000000cdf00000| Complete 
| 224|0x00000000ce000000, 0x00000000ce100000, 0x00000000ce100000|100%| S|CS|TAMS 0x00000000ce000000, 0x00000000ce000000| Complete 
| 225|0x00000000ce100000, 0x00000000ce200000, 0x00000000ce200000|100%| S|CS|TAMS 0x00000000ce100000, 0x00000000ce100000| Complete 
| 226|0x00000000ce200000, 0x00000000ce300000, 0x00000000ce300000|100%| S|CS|TAMS 0x00000000ce200000, 0x00000000ce200000| Complete 
| 227|0x00000000ce300000, 0x00000000ce300000, 0x00000000ce400000|  0%| F|  |TAMS 0x00000000ce300000, 0x00000000ce300000| Untracked 
| 228|0x00000000ce400000, 0x00000000ce400000, 0x00000000ce500000|  0%| F|  |TAMS 0x00000000ce400000, 0x00000000ce400000| Untracked 
| 229|0x00000000ce500000, 0x00000000ce500000, 0x00000000ce600000|  0%| F|  |TAMS 0x00000000ce500000, 0x00000000ce500000| Untracked 
| 230|0x00000000ce600000, 0x00000000ce600000, 0x00000000ce700000|  0%| F|  |TAMS 0x00000000ce600000, 0x00000000ce600000| Untracked 
| 231|0x00000000ce700000, 0x00000000ce700000, 0x00000000ce800000|  0%| F|  |TAMS 0x00000000ce700000, 0x00000000ce700000| Untracked 
| 232|0x00000000ce800000, 0x00000000ce800000, 0x00000000ce900000|  0%| F|  |TAMS 0x00000000ce800000, 0x00000000ce800000| Untracked 
| 233|0x00000000ce900000, 0x00000000ce900000, 0x00000000cea00000|  0%| F|  |TAMS 0x00000000ce900000, 0x00000000ce900000| Untracked 
| 234|0x00000000cea00000, 0x00000000cea00000, 0x00000000ceb00000|  0%| F|  |TAMS 0x00000000cea00000, 0x00000000cea00000| Untracked 
| 235|0x00000000ceb00000, 0x00000000ceb00000, 0x00000000cec00000|  0%| F|  |TAMS 0x00000000ceb00000, 0x00000000ceb00000| Untracked 
| 236|0x00000000cec00000, 0x00000000cec00000, 0x00000000ced00000|  0%| F|  |TAMS 0x00000000cec00000, 0x00000000cec00000| Untracked 
| 237|0x00000000ced00000, 0x00000000ced00000, 0x00000000cee00000|  0%| F|  |TAMS 0x00000000ced00000, 0x00000000ced00000| Untracked 
| 238|0x00000000cee00000, 0x00000000cee00000, 0x00000000cef00000|  0%| F|  |TAMS 0x00000000cee00000, 0x00000000cee00000| Untracked 
| 239|0x00000000cef00000, 0x00000000cef00000, 0x00000000cf000000|  0%| F|  |TAMS 0x00000000cef00000, 0x00000000cef00000| Untracked 
| 240|0x00000000cf000000, 0x00000000cf000000, 0x00000000cf100000|  0%| F|  |TAMS 0x00000000cf000000, 0x00000000cf000000| Untracked 
| 241|0x00000000cf100000, 0x00000000cf100000, 0x00000000cf200000|  0%| F|  |TAMS 0x00000000cf100000, 0x00000000cf100000| Untracked 
| 242|0x00000000cf200000, 0x00000000cf200000, 0x00000000cf300000|  0%| F|  |TAMS 0x00000000cf200000, 0x00000000cf200000| Untracked 
| 243|0x00000000cf300000, 0x00000000cf300000, 0x00000000cf400000|  0%| F|  |TAMS 0x00000000cf300000, 0x00000000cf300000| Untracked 
| 244|0x00000000cf400000, 0x00000000cf400000, 0x00000000cf500000|  0%| F|  |TAMS 0x00000000cf400000, 0x00000000cf400000| Untracked 
| 245|0x00000000cf500000, 0x00000000cf500000, 0x00000000cf600000|  0%| F|  |TAMS 0x00000000cf500000, 0x00000000cf500000| Untracked 
| 246|0x00000000cf600000, 0x00000000cf600000, 0x00000000cf700000|  0%| F|  |TAMS 0x00000000cf600000, 0x00000000cf600000| Untracked 
| 247|0x00000000cf700000, 0x00000000cf700000, 0x00000000cf800000|  0%| F|  |TAMS 0x00000000cf700000, 0x00000000cf700000| Untracked 
| 248|0x00000000cf800000, 0x00000000cf800000, 0x00000000cf900000|  0%| F|  |TAMS 0x00000000cf800000, 0x00000000cf800000| Untracked 
| 249|0x00000000cf900000, 0x00000000cf900000, 0x00000000cfa00000|  0%| F|  |TAMS 0x00000000cf900000, 0x00000000cf900000| Untracked 
| 250|0x00000000cfa00000, 0x00000000cfa00000, 0x00000000cfb00000|  0%| F|  |TAMS 0x00000000cfa00000, 0x00000000cfa00000| Untracked 
| 251|0x00000000cfb00000, 0x00000000cfb00000, 0x00000000cfc00000|  0%| F|  |TAMS 0x00000000cfb00000, 0x00000000cfb00000| Untracked 
| 252|0x00000000cfc00000, 0x00000000cfc00000, 0x00000000cfd00000|  0%| F|  |TAMS 0x00000000cfc00000, 0x00000000cfc00000| Untracked 
| 253|0x00000000cfd00000, 0x00000000cfd00000, 0x00000000cfe00000|  0%| F|  |TAMS 0x00000000cfd00000, 0x00000000cfd00000| Untracked 
| 254|0x00000000cfe00000, 0x00000000cfe00000, 0x00000000cff00000|  0%| F|  |TAMS 0x00000000cfe00000, 0x00000000cfe00000| Untracked 
| 255|0x00000000cff00000, 0x00000000cff00000, 0x00000000d0000000|  0%| F|  |TAMS 0x00000000cff00000, 0x00000000cff00000| Untracked 
| 256|0x00000000d0000000, 0x00000000d0000000, 0x00000000d0100000|  0%| F|  |TAMS 0x00000000d0000000, 0x00000000d0000000| Untracked 
| 257|0x00000000d0100000, 0x00000000d0100000, 0x00000000d0200000|  0%| F|  |TAMS 0x00000000d0100000, 0x00000000d0100000| Untracked 
| 258|0x00000000d0200000, 0x00000000d0200000, 0x00000000d0300000|  0%| F|  |TAMS 0x00000000d0200000, 0x00000000d0200000| Untracked 
| 259|0x00000000d0300000, 0x00000000d0300000, 0x00000000d0400000|  0%| F|  |TAMS 0x00000000d0300000, 0x00000000d0300000| Untracked 
| 260|0x00000000d0400000, 0x00000000d0400000, 0x00000000d0500000|  0%| F|  |TAMS 0x00000000d0400000, 0x00000000d0400000| Untracked 
| 261|0x00000000d0500000, 0x00000000d0500000, 0x00000000d0600000|  0%| F|  |TAMS 0x00000000d0500000, 0x00000000d0500000| Untracked 
| 262|0x00000000d0600000, 0x00000000d0600000, 0x00000000d0700000|  0%| F|  |TAMS 0x00000000d0600000, 0x00000000d0600000| Untracked 
| 263|0x00000000d0700000, 0x00000000d0700000, 0x00000000d0800000|  0%| F|  |TAMS 0x00000000d0700000, 0x00000000d0700000| Untracked 
| 264|0x00000000d0800000, 0x00000000d0800000, 0x00000000d0900000|  0%| F|  |TAMS 0x00000000d0800000, 0x00000000d0800000| Untracked 
| 265|0x00000000d0900000, 0x00000000d0900000, 0x00000000d0a00000|  0%| F|  |TAMS 0x00000000d0900000, 0x00000000d0900000| Untracked 
| 266|0x00000000d0a00000, 0x00000000d0a00000, 0x00000000d0b00000|  0%| F|  |TAMS 0x00000000d0a00000, 0x00000000d0a00000| Untracked 
| 267|0x00000000d0b00000, 0x00000000d0b00000, 0x00000000d0c00000|  0%| F|  |TAMS 0x00000000d0b00000, 0x00000000d0b00000| Untracked 
| 268|0x00000000d0c00000, 0x00000000d0c00000, 0x00000000d0d00000|  0%| F|  |TAMS 0x00000000d0c00000, 0x00000000d0c00000| Untracked 
| 269|0x00000000d0d00000, 0x00000000d0d00000, 0x00000000d0e00000|  0%| F|  |TAMS 0x00000000d0d00000, 0x00000000d0d00000| Untracked 
| 270|0x00000000d0e00000, 0x00000000d0e00000, 0x00000000d0f00000|  0%| F|  |TAMS 0x00000000d0e00000, 0x00000000d0e00000| Untracked 
| 271|0x00000000d0f00000, 0x00000000d0f00000, 0x00000000d1000000|  0%| F|  |TAMS 0x00000000d0f00000, 0x00000000d0f00000| Untracked 
| 272|0x00000000d1000000, 0x00000000d1000000, 0x00000000d1100000|  0%| F|  |TAMS 0x00000000d1000000, 0x00000000d1000000| Untracked 
| 273|0x00000000d1100000, 0x00000000d1100000, 0x00000000d1200000|  0%| F|  |TAMS 0x00000000d1100000, 0x00000000d1100000| Untracked 
| 274|0x00000000d1200000, 0x00000000d1200000, 0x00000000d1300000|  0%| F|  |TAMS 0x00000000d1200000, 0x00000000d1200000| Untracked 
| 275|0x00000000d1300000, 0x00000000d1300000, 0x00000000d1400000|  0%| F|  |TAMS 0x00000000d1300000, 0x00000000d1300000| Untracked 
| 276|0x00000000d1400000, 0x00000000d1400000, 0x00000000d1500000|  0%| F|  |TAMS 0x00000000d1400000, 0x00000000d1400000| Untracked 
| 277|0x00000000d1500000, 0x00000000d1500000, 0x00000000d1600000|  0%| F|  |TAMS 0x00000000d1500000, 0x00000000d1500000| Untracked 
| 278|0x00000000d1600000, 0x00000000d1600000, 0x00000000d1700000|  0%| F|  |TAMS 0x00000000d1600000, 0x00000000d1600000| Untracked 
| 279|0x00000000d1700000, 0x00000000d1700000, 0x00000000d1800000|  0%| F|  |TAMS 0x00000000d1700000, 0x00000000d1700000| Untracked 
| 280|0x00000000d1800000, 0x00000000d1800000, 0x00000000d1900000|  0%| F|  |TAMS 0x00000000d1800000, 0x00000000d1800000| Untracked 
| 281|0x00000000d1900000, 0x00000000d1900000, 0x00000000d1a00000|  0%| F|  |TAMS 0x00000000d1900000, 0x00000000d1900000| Untracked 
| 282|0x00000000d1a00000, 0x00000000d1a00000, 0x00000000d1b00000|  0%| F|  |TAMS 0x00000000d1a00000, 0x00000000d1a00000| Untracked 
| 283|0x00000000d1b00000, 0x00000000d1b00000, 0x00000000d1c00000|  0%| F|  |TAMS 0x00000000d1b00000, 0x00000000d1b00000| Untracked 
| 284|0x00000000d1c00000, 0x00000000d1c00000, 0x00000000d1d00000|  0%| F|  |TAMS 0x00000000d1c00000, 0x00000000d1c00000| Untracked 
| 285|0x00000000d1d00000, 0x00000000d1d00000, 0x00000000d1e00000|  0%| F|  |TAMS 0x00000000d1d00000, 0x00000000d1d00000| Untracked 
| 286|0x00000000d1e00000, 0x00000000d1e00000, 0x00000000d1f00000|  0%| F|  |TAMS 0x00000000d1e00000, 0x00000000d1e00000| Untracked 
| 287|0x00000000d1f00000, 0x00000000d1f00000, 0x00000000d2000000|  0%| F|  |TAMS 0x00000000d1f00000, 0x00000000d1f00000| Untracked 
| 288|0x00000000d2000000, 0x00000000d2000000, 0x00000000d2100000|  0%| F|  |TAMS 0x00000000d2000000, 0x00000000d2000000| Untracked 
| 289|0x00000000d2100000, 0x00000000d2100000, 0x00000000d2200000|  0%| F|  |TAMS 0x00000000d2100000, 0x00000000d2100000| Untracked 
| 290|0x00000000d2200000, 0x00000000d2200000, 0x00000000d2300000|  0%| F|  |TAMS 0x00000000d2200000, 0x00000000d2200000| Untracked 
| 291|0x00000000d2300000, 0x00000000d2300000, 0x00000000d2400000|  0%| F|  |TAMS 0x00000000d2300000, 0x00000000d2300000| Untracked 
| 292|0x00000000d2400000, 0x00000000d2400000, 0x00000000d2500000|  0%| F|  |TAMS 0x00000000d2400000, 0x00000000d2400000| Untracked 
| 293|0x00000000d2500000, 0x00000000d2500000, 0x00000000d2600000|  0%| F|  |TAMS 0x00000000d2500000, 0x00000000d2500000| Untracked 
| 294|0x00000000d2600000, 0x00000000d2600000, 0x00000000d2700000|  0%| F|  |TAMS 0x00000000d2600000, 0x00000000d2600000| Untracked 
| 295|0x00000000d2700000, 0x00000000d2700000, 0x00000000d2800000|  0%| F|  |TAMS 0x00000000d2700000, 0x00000000d2700000| Untracked 
| 296|0x00000000d2800000, 0x00000000d2800000, 0x00000000d2900000|  0%| F|  |TAMS 0x00000000d2800000, 0x00000000d2800000| Untracked 
| 297|0x00000000d2900000, 0x00000000d2900000, 0x00000000d2a00000|  0%| F|  |TAMS 0x00000000d2900000, 0x00000000d2900000| Untracked 
| 298|0x00000000d2a00000, 0x00000000d2a00000, 0x00000000d2b00000|  0%| F|  |TAMS 0x00000000d2a00000, 0x00000000d2a00000| Untracked 
| 299|0x00000000d2b00000, 0x00000000d2b00000, 0x00000000d2c00000|  0%| F|  |TAMS 0x00000000d2b00000, 0x00000000d2b00000| Untracked 
| 300|0x00000000d2c00000, 0x00000000d2c00000, 0x00000000d2d00000|  0%| F|  |TAMS 0x00000000d2c00000, 0x00000000d2c00000| Untracked 
| 301|0x00000000d2d00000, 0x00000000d2d00000, 0x00000000d2e00000|  0%| F|  |TAMS 0x00000000d2d00000, 0x00000000d2d00000| Untracked 
| 302|0x00000000d2e00000, 0x00000000d2e00000, 0x00000000d2f00000|  0%| F|  |TAMS 0x00000000d2e00000, 0x00000000d2e00000| Untracked 
| 303|0x00000000d2f00000, 0x00000000d2f00000, 0x00000000d3000000|  0%| F|  |TAMS 0x00000000d2f00000, 0x00000000d2f00000| Untracked 
| 304|0x00000000d3000000, 0x00000000d3000000, 0x00000000d3100000|  0%| F|  |TAMS 0x00000000d3000000, 0x00000000d3000000| Untracked 
| 305|0x00000000d3100000, 0x00000000d3100000, 0x00000000d3200000|  0%| F|  |TAMS 0x00000000d3100000, 0x00000000d3100000| Untracked 
| 306|0x00000000d3200000, 0x00000000d3200000, 0x00000000d3300000|  0%| F|  |TAMS 0x00000000d3200000, 0x00000000d3200000| Untracked 
| 307|0x00000000d3300000, 0x00000000d3300000, 0x00000000d3400000|  0%| F|  |TAMS 0x00000000d3300000, 0x00000000d3300000| Untracked 

Card table byte_map: [0x0000027077cb0000,0x0000027077eb0000] _byte_map_base: 0x00000270776b0000

Marking Bits (Prev, Next): (CMBitMap*) 0x00000270603cb8b8, (CMBitMap*) 0x00000270603cb8f0
 Prev Bits: [0x00000270780b0000, 0x00000270790b0000)
 Next Bits: [0x00000270790b0000, 0x000002707a0b0000)

Polling page: 0x000002705e2d0000

Metaspace:

Usage:
  Non-class:     13.21 MB capacity,    13.12 MB (>99%) used,    69.05 KB ( <1%) free+waste,    25.50 KB ( <1%) overhead. 
      Class:      1.59 MB capacity,     1.48 MB ( 93%) used,    95.93 KB (  6%) free+waste,    11.31 KB ( <1%) overhead. 
       Both:     14.80 MB capacity,    14.60 MB ( 99%) used,   164.98 KB (  1%) free+waste,    36.81 KB ( <1%) overhead. 

Virtual space:
  Non-class space:       14.00 MB reserved,      13.25 MB ( 95%) committed 
      Class space:        1.00 GB reserved,       1.63 MB ( <1%) committed 
             Both:        1.01 GB reserved,      14.88 MB (  1%) committed 

Chunk freelists:
   Non-Class:  38.00 KB
       Class:  6.00 KB
        Both:  44.00 KB

MaxMetaspaceSize: 17179869184.00 GB
CompressedClassSpaceSize: 1.00 GB
Initial GC threshold: 20.80 MB
Current GC threshold: 20.80 MB
CDS: off

CodeHeap 'non-profiled nmethods': size=120064Kb used=1131Kb max_used=1131Kb free=118932Kb
 bounds [0x0000027070570000, 0x00000270707e0000, 0x0000027077ab0000]
CodeHeap 'profiled nmethods': size=120000Kb used=4688Kb max_used=4688Kb free=115311Kb
 bounds [0x0000027069040000, 0x00000270694e0000, 0x0000027070570000]
CodeHeap 'non-nmethods': size=5696Kb used=1142Kb max_used=1195Kb free=4553Kb
 bounds [0x0000027068ab0000, 0x0000027068d20000, 0x0000027069040000]
 total_blobs=2403 nmethods=2015 adapters=301
 compilation: enabled
              stopped_count=0, restarted_count=0
 full_count=0

Compilation events (20 events):
Event: 3.586 Thread 0x000002707c5ce000 2061       2       com.android.tools.r8.internal.S6::<init> (151 bytes)
Event: 3.587 Thread 0x000002707c5ce000 nmethod 2061 0x00000270694b0a90 code [0x00000270694b0c40, 0x00000270694b0dd8]
Event: 3.609 Thread 0x000002707c5ce000 2062 %     3       com.android.tools.r8.internal.X9::a @ 46 (871 bytes)
Event: 3.621 Thread 0x000002707c5ce000 nmethod 2062% 0x00000270694b0e90 code [0x00000270694b1b40, 0x00000270694bbd38]
Event: 3.629 Thread 0x000002707c5ce000 2063       2       com.android.tools.r8.internal.lK::<init> (6 bytes)
Event: 3.629 Thread 0x000002707c5ce000 nmethod 2063 0x00000270694be710 code [0x00000270694be8c0, 0x00000270694be9c8]
Event: 3.642 Thread 0x000002707c5ce000 2064       2       com.android.tools.r8.graph.y2::a (112 bytes)
Event: 3.643 Thread 0x000002707c5ce000 nmethod 2064 0x00000270694bea90 code [0x00000270694bed00, 0x00000270694bf558]
Event: 3.703 Thread 0x000002707c5ce000 2065       3       com.android.tools.r8.internal.X9::a (871 bytes)
Event: 3.716 Thread 0x000002707c5ce000 nmethod 2065 0x00000270694bfb10 code [0x00000270694c07a0, 0x00000270694ca7d8]
Event: 3.718 Thread 0x000002707c5ce000 2066       2       com.android.tools.r8.internal.R7::<init> (10 bytes)
Event: 3.718 Thread 0x000002707c5ce000 nmethod 2066 0x00000270694cd110 code [0x00000270694cd2c0, 0x00000270694cd3f8]
Event: 3.718 Thread 0x000002707c5ce000 2067       2       com.android.tools.r8.internal.cb::a (18 bytes)
Event: 3.718 Thread 0x000002707c5ce000 nmethod 2067 0x00000270694cd490 code [0x00000270694cd640, 0x00000270694cd788]
Event: 3.748 Thread 0x000002707c5ce000 2069       2       com.android.tools.r8.internal.Pa::a (1069 bytes)
Event: 3.751 Thread 0x000002707c5ce000 nmethod 2069 0x00000270694cd810 code [0x00000270694cdda0, 0x00000270694d03e8]
Event: 3.773 Thread 0x000002707c5ce000 2070 %s    3       com.android.tools.r8.graph.L2::f @ 28 (64 bytes)
Event: 3.774 Thread 0x000002707c5ce000 nmethod 2070% 0x00000270694d1c90 code [0x00000270694d1f00, 0x00000270694d2c18]
Event: 3.774 Thread 0x000002707c5ce000 2071  s    3       com.android.tools.r8.graph.L2::f (64 bytes)
Event: 3.775 Thread 0x000002707c5ce000 nmethod 2071 0x00000270694d2f90 code [0x00000270694d31e0, 0x00000270694d3e58]

GC Heap History (20 events):
Event: 0.957 GC heap after
{Heap after GC invocations=5 (full 0):
 garbage-first heap   total 131072K, used 25786K [0x00000000c0000000, 0x0000000100000000)
  region size 1024K, 6 young (6144K), 6 survivors (6144K)
 Metaspace       used 11404K, capacity 11544K, committed 11648K, reserved 1060864K
  class space    used 1098K, capacity 1145K, committed 1152K, reserved 1048576K
}
Event: 1.084 GC heap before
{Heap before GC invocations=5 (full 0):
 garbage-first heap   total 131072K, used 69818K [0x00000000c0000000, 0x0000000100000000)
  region size 1024K, 49 young (50176K), 6 survivors (6144K)
 Metaspace       used 11410K, capacity 11608K, committed 11648K, reserved 1060864K
  class space    used 1098K, capacity 1145K, committed 1152K, reserved 1048576K
}
Event: 1.091 GC heap after
{Heap after GC invocations=6 (full 0):
 garbage-first heap   total 131072K, used 34816K [0x00000000c0000000, 0x0000000100000000)
  region size 1024K, 7 young (7168K), 7 survivors (7168K)
 Metaspace       used 11410K, capacity 11608K, committed 11648K, reserved 1060864K
  class space    used 1098K, capacity 1145K, committed 1152K, reserved 1048576K
}
Event: 1.334 GC heap before
{Heap before GC invocations=6 (full 0):
 garbage-first heap   total 131072K, used 78848K [0x00000000c0000000, 0x0000000100000000)
  region size 1024K, 50 young (51200K), 7 survivors (7168K)
 Metaspace       used 12683K, capacity 12860K, committed 13184K, reserved 1060864K
  class space    used 1240K, capacity 1314K, committed 1408K, reserved 1048576K
}
Event: 1.342 GC heap after
{Heap after GC invocations=7 (full 0):
 garbage-first heap   total 157696K, used 44032K [0x00000000c0000000, 0x0000000100000000)
  region size 1024K, 7 young (7168K), 7 survivors (7168K)
 Metaspace       used 12683K, capacity 12860K, committed 13184K, reserved 1060864K
  class space    used 1240K, capacity 1314K, committed 1408K, reserved 1048576K
}
Event: 1.787 GC heap before
{Heap before GC invocations=7 (full 0):
 garbage-first heap   total 157696K, used 93184K [0x00000000c0000000, 0x0000000100000000)
  region size 1024K, 56 young (57344K), 7 survivors (7168K)
 Metaspace       used 13290K, capacity 13514K, committed 13696K, reserved 1060864K
  class space    used 1291K, capacity 1358K, committed 1408K, reserved 1048576K
}
Event: 1.819 GC heap after
{Heap after GC invocations=8 (full 0):
 garbage-first heap   total 157696K, used 58368K [0x00000000c0000000, 0x0000000100000000)
  region size 1024K, 7 young (7168K), 7 survivors (7168K)
 Metaspace       used 13290K, capacity 13514K, committed 13696K, reserved 1060864K
  class space    used 1291K, capacity 1358K, committed 1408K, reserved 1048576K
}
Event: 1.888 GC heap before
{Heap before GC invocations=8 (full 0):
 garbage-first heap   total 157696K, used 76800K [0x00000000c0000000, 0x0000000100000000)
  region size 1024K, 26 young (26624K), 7 survivors (7168K)
 Metaspace       used 13304K, capacity 13514K, committed 13696K, reserved 1060864K
  class space    used 1293K, capacity 1358K, committed 1408K, reserved 1048576K
}
Event: 1.915 GC heap after
{Heap after GC invocations=9 (full 0):
 garbage-first heap   total 157696K, used 62976K [0x00000000c0000000, 0x0000000100000000)
  region size 1024K, 4 young (4096K), 4 survivors (4096K)
 Metaspace       used 13304K, capacity 13514K, committed 13696K, reserved 1060864K
  class space    used 1293K, capacity 1358K, committed 1408K, reserved 1048576K
}
Event: 2.045 GC heap before
{Heap before GC invocations=9 (full 0):
 garbage-first heap   total 157696K, used 100864K [0x00000000c0000000, 0x0000000100000000)
  region size 1024K, 42 young (43008K), 4 survivors (4096K)
 Metaspace       used 13313K, capacity 13516K, committed 13696K, reserved 1060864K
  class space    used 1293K, capacity 1358K, committed 1408K, reserved 1048576K
}
Event: 2.072 GC heap after
{Heap after GC invocations=10 (full 0):
 garbage-first heap   total 157696K, used 72192K [0x00000000c0000000, 0x0000000100000000)
  region size 1024K, 6 young (6144K), 6 survivors (6144K)
 Metaspace       used 13313K, capacity 13516K, committed 13696K, reserved 1060864K
  class space    used 1293K, capacity 1358K, committed 1408K, reserved 1048576K
}
Event: 2.238 GC heap before
{Heap before GC invocations=10 (full 0):
 garbage-first heap   total 157696K, used 107008K [0x00000000c0000000, 0x0000000100000000)
  region size 1024K, 41 young (41984K), 6 survivors (6144K)
 Metaspace       used 13326K, capacity 13519K, committed 13696K, reserved 1060864K
  class space    used 1293K, capacity 1358K, committed 1408K, reserved 1048576K
}
Event: 2.274 GC heap after
{Heap after GC invocations=11 (full 0):
 garbage-first heap   total 315392K, used 81328K [0x00000000c0000000, 0x0000000100000000)
  region size 1024K, 6 young (6144K), 6 survivors (6144K)
 Metaspace       used 13326K, capacity 13519K, committed 13696K, reserved 1060864K
  class space    used 1293K, capacity 1358K, committed 1408K, reserved 1048576K
}
Event: 2.490 GC heap before
{Heap before GC invocations=11 (full 0):
 garbage-first heap   total 315392K, used 129456K [0x00000000c0000000, 0x0000000100000000)
  region size 1024K, 51 young (52224K), 6 survivors (6144K)
 Metaspace       used 13326K, capacity 13519K, committed 13696K, reserved 1060864K
  class space    used 1293K, capacity 1358K, committed 1408K, reserved 1048576K
}
Event: 2.539 GC heap after
{Heap after GC invocations=12 (full 0):
 garbage-first heap   total 315392K, used 94208K [0x00000000c0000000, 0x0000000100000000)
  region size 1024K, 7 young (7168K), 7 survivors (7168K)
 Metaspace       used 13326K, capacity 13519K, committed 13696K, reserved 1060864K
  class space    used 1293K, capacity 1358K, committed 1408K, reserved 1048576K
}
Event: 2.794 GC heap before
{Heap before GC invocations=12 (full 0):
 garbage-first heap   total 315392K, used 156672K [0x00000000c0000000, 0x0000000100000000)
  region size 1024K, 67 young (68608K), 7 survivors (7168K)
 Metaspace       used 13326K, capacity 13519K, committed 13696K, reserved 1060864K
  class space    used 1293K, capacity 1358K, committed 1408K, reserved 1048576K
}
Event: 2.840 GC heap after
{Heap after GC invocations=13 (full 0):
 garbage-first heap   total 315392K, used 108362K [0x00000000c0000000, 0x0000000100000000)
  region size 1024K, 9 young (9216K), 9 survivors (9216K)
 Metaspace       used 13326K, capacity 13519K, committed 13696K, reserved 1060864K
  class space    used 1293K, capacity 1358K, committed 1408K, reserved 1048576K
}
Event: 3.502 GC heap before
{Heap before GC invocations=13 (full 0):
 garbage-first heap   total 315392K, used 188234K [0x00000000c0000000, 0x0000000100000000)
  region size 1024K, 86 young (88064K), 9 survivors (9216K)
 Metaspace       used 14950K, capacity 15156K, committed 15232K, reserved 1062912K
  class space    used 1518K, capacity 1626K, committed 1664K, reserved 1048576K
}
Event: 3.558 GC heap after
{Heap after GC invocations=14 (full 0):
 garbage-first heap   total 315392K, used 124904K [0x00000000c0000000, 0x0000000100000000)
  region size 1024K, 11 young (11264K), 11 survivors (11264K)
 Metaspace       used 14950K, capacity 15156K, committed 15232K, reserved 1062912K
  class space    used 1518K, capacity 1626K, committed 1664K, reserved 1048576K
}
Event: 3.807 GC heap before
{Heap before GC invocations=14 (full 0):
 garbage-first heap   total 315392K, used 207848K [0x00000000c0000000, 0x0000000100000000)
  region size 1024K, 92 young (94208K), 11 survivors (11264K)
 Metaspace       used 14954K, capacity 15156K, committed 15232K, reserved 1062912K
  class space    used 1518K, capacity 1626K, committed 1664K, reserved 1048576K
}

Deoptimization events (20 events):
Event: 3.067 Thread 0x000002707d62c800 DEOPT PACKING pc=0x00000270705d9750 sp=0x000000fe652fd700
Event: 3.067 Thread 0x000002707d62c800 DEOPT UNPACKING pc=0x0000027068afa1af sp=0x000000fe652fd6c8 mode 2
Event: 3.184 Thread 0x000002707d62c000 Uncommon trap: trap_request=0xffffff4d fr.pc=0x00000270706374b4 relative=0x0000000000000114
Event: 3.184 Thread 0x000002707d62c000 Uncommon trap: reason=unstable_if action=reinterpret pc=0x00000270706374b4 method=java.util.Arrays.hashCode([Ljava/lang/Object;)I @ 34 c2
Event: 3.184 Thread 0x000002707d62c000 DEOPT PACKING pc=0x00000270706374b4 sp=0x000000fe651fe200
Event: 3.184 Thread 0x000002707d62c000 DEOPT UNPACKING pc=0x0000027068afa1af sp=0x000000fe651fe178 mode 2
Event: 3.272 Thread 0x000002707d62c800 DEOPT PACKING pc=0x00000270693f495c sp=0x000000fe652fe2d0
Event: 3.273 Thread 0x000002707d62c800 DEOPT UNPACKING pc=0x0000027068afa95e sp=0x000000fe652fda60 mode 0
Event: 3.288 Thread 0x000002707d62c800 DEOPT PACKING pc=0x00000270693f5d46 sp=0x000000fe652fe2d0
Event: 3.288 Thread 0x000002707d62c800 DEOPT UNPACKING pc=0x0000027068afa95e sp=0x000000fe652fda58 mode 0
Event: 3.303 Thread 0x000002707d62c000 DEOPT PACKING pc=0x00000270693f497d sp=0x000000fe651fe610
Event: 3.303 Thread 0x000002707d62c000 DEOPT UNPACKING pc=0x0000027068afa95e sp=0x000000fe651fdda0 mode 0
Event: 3.716 Thread 0x000002707d62c800 DEOPT PACKING pc=0x00000270694a2af8 sp=0x000000fe652fec30
Event: 3.716 Thread 0x000002707d62c800 DEOPT UNPACKING pc=0x0000027068afa95e sp=0x000000fe652fe308 mode 0
Event: 3.746 Thread 0x000002707d62c000 Uncommon trap: trap_request=0xffffff4d fr.pc=0x0000027070640ff0 relative=0x0000000000002e50
Event: 3.746 Thread 0x000002707d62c000 Uncommon trap: reason=unstable_if action=reinterpret pc=0x0000027070640ff0 method=com.android.tools.r8.internal.Pa.a(Lcom/android/tools/r8/internal/e2;ILjava/lang/String;[C)I @ 18 c2
Event: 3.746 Thread 0x000002707d62c000 DEOPT PACKING pc=0x0000027070640ff0 sp=0x000000fe651fea20
Event: 3.746 Thread 0x000002707d62c000 DEOPT UNPACKING pc=0x0000027068afa1af sp=0x000000fe651fea08 mode 2
Event: 3.776 Thread 0x000002707d62c800 DEOPT PACKING pc=0x00000270694917b1 sp=0x000000fe652fee30
Event: 3.776 Thread 0x000002707d62c800 DEOPT UNPACKING pc=0x0000027068afa95e sp=0x000000fe652fe308 mode 0

Classes redefined (0 events):
No events

Internal exceptions (20 events):
Event: 1.244 Thread 0x000002707d62c800 Exception <a 'java/lang/NoSuchMethodError'{0x00000000c58d20d8}: 'int java.lang.invoke.DirectMethodHandle$Holder.invokeInterface(java.lang.Object, java.lang.Object, java.lang.Object, java.lang.Object)'> (0x00000000c58d20d8) thrown at [./src/hotspot/share/interpreter/linkResolver.cpp, line 773]
Event: 1.244 Thread 0x000002707d62c000 Exception <a 'java/lang/NoSuchMethodError'{0x00000000c5825f78}: 'int java.lang.invoke.DirectMethodHandle$Holder.invokeInterface(java.lang.Object, java.lang.Object, java.lang.Object, java.lang.Object)'> (0x00000000c5825f78) thrown at [./src/hotspot/share/interpreter/linkResolver.cpp, line 773]
Event: 1.245 Thread 0x000002707d62c000 Exception <a 'java/lang/IncompatibleClassChangeError'{0x00000000c58293c8}: Found class java.lang.Object, but interface was expected> (0x00000000c58293c8) thrown at [./src/hotspot/share/interpreter/linkResolver.cpp, line 839]
Event: 1.245 Thread 0x000002707d62c800 Exception <a 'java/lang/IncompatibleClassChangeError'{0x00000000c58d5550}: Found class java.lang.Object, but interface was expected> (0x00000000c58d5550) thrown at [./src/hotspot/share/interpreter/linkResolver.cpp, line 839]
Event: 1.255 Thread 0x000002707d62c800 Exception <a 'java/lang/NoSuchMethodError'{0x00000000c578a2e8}: 'java.lang.Object java.lang.invoke.DirectMethodHandle$Holder.invokeVirtual(java.lang.Object, java.lang.Object, java.lang.Object)'> (0x00000000c578a2e8) thrown at [./src/hotspot/share/interpreter/linkResolver.cpp, line 773]
Event: 1.255 Thread 0x000002707d62c000 Exception <a 'java/lang/NoSuchMethodError'{0x00000000c583fdb8}: 'java.lang.Object java.lang.invoke.DirectMethodHandle$Holder.invokeVirtual(java.lang.Object, java.lang.Object, java.lang.Object)'> (0x00000000c583fdb8) thrown at [./src/hotspot/share/interpreter/linkResolver.cpp, line 773]
Event: 1.298 Thread 0x000002707d62c000 Exception <a 'java/lang/NoSuchMethodError'{0x00000000c56b8338}: 'long java.lang.invoke.DirectMethodHandle$Holder.invokeStatic(java.lang.Object, java.lang.Object)'> (0x00000000c56b8338) thrown at [./src/hotspot/share/interpreter/linkResolver.cpp, line 773]
Event: 1.298 Thread 0x000002707d62c800 Exception <a 'java/lang/NoSuchMethodError'{0x00000000c550adb0}: 'long java.lang.invoke.DirectMethodHandle$Holder.invokeStatic(java.lang.Object, java.lang.Object)'> (0x00000000c550adb0) thrown at [./src/hotspot/share/interpreter/linkResolver.cpp, line 773]
Event: 1.298 Thread 0x000002707d62c000 Exception <a 'java/lang/NoSuchMethodError'{0x00000000c56bb140}: 'long java.lang.invoke.DirectMethodHandle$Holder.invokeStaticInit(java.lang.Object, java.lang.Object)'> (0x00000000c56bb140) thrown at [./src/hotspot/share/interpreter/linkResolver.cpp, line 773]
Event: 1.298 Thread 0x000002707d62c800 Exception <a 'java/lang/NoSuchMethodError'{0x00000000c550db90}: 'long java.lang.invoke.DirectMethodHandle$Holder.invokeStaticInit(java.lang.Object, java.lang.Object)'> (0x00000000c550db90) thrown at [./src/hotspot/share/interpreter/linkResolver.cpp, line 773]
Event: 1.553 Thread 0x000002707d62c000 Implicit null exception at 0x0000027070613488 to 0x0000027070613e38
Event: 1.652 Thread 0x000002707d62c800 Exception <a 'java/lang/NoSuchMethodError'{0x00000000c7b7edd0}: 'void java.lang.invoke.DirectMethodHandle$Holder.invokeSpecial(java.lang.Object, java.lang.Object, java.lang.Object, java.lang.Object, java.lang.Object)'> (0x00000000c7b7edd0) thrown at [./src/hotspot/share/interpreter/linkResolver.cpp, line 773]
Event: 1.653 Thread 0x000002707d62c000 Exception <a 'java/lang/NoSuchMethodError'{0x00000000c7c7ca08}: 'void java.lang.invoke.DirectMethodHandle$Holder.invokeSpecial(java.lang.Object, java.lang.Object, java.lang.Object, java.lang.Object, java.lang.Object)'> (0x00000000c7c7ca08) thrown at [./src/hotspot/share/interpreter/linkResolver.cpp, line 773]
Event: 2.964 Thread 0x000002706039d000 Exception <a 'java/lang/NoSuchMethodError'{0x00000000d2932e18}: 'int java.lang.invoke.DirectMethodHandle$Holder.invokeSpecial(java.lang.Object, java.lang.Object, java.lang.Object, java.lang.Object)'> (0x00000000d2932e18) thrown at [./src/hotspot/share/interpreter/linkResolver.cpp, line 773]
Event: 2.974 Thread 0x000002706039d000 Exception <a 'java/lang/NoSuchMethodError'{0x00000000d299d0c0}: 'void java.lang.invoke.DirectMethodHandle$Holder.invokeSpecial(java.lang.Object, java.lang.Object)'> (0x00000000d299d0c0) thrown at [./src/hotspot/share/interpreter/linkResolver.cpp, line 773]
Event: 3.008 Thread 0x000002706039d000 Exception <a 'java/lang/IncompatibleClassChangeError'{0x00000000d2887378}: Found class java.lang.Object, but interface was expected> (0x00000000d2887378) thrown at [./src/hotspot/share/interpreter/linkResolver.cpp, line 839]
Event: 3.011 Thread 0x000002706039d000 Exception <a 'java/lang/NoSuchMethodError'{0x00000000d288c118}: 'java.lang.Object java.lang.invoke.DirectMethodHandle$Holder.invokeStatic(java.lang.Object, java.lang.Object, java.lang.Object, int)'> (0x00000000d288c118) thrown at [./src/hotspot/share/interpreter/linkResolver.cpp, line 773]
Event: 3.013 Thread 0x000002706039d000 Exception <a 'java/lang/NoSuchMethodError'{0x00000000d2896248}: 'void java.lang.invoke.DirectMethodHandle$Holder.invokeStatic(java.lang.Object, java.lang.Object, java.lang.Object, java.lang.Object, java.lang.Object, java.lang.Object)'> (0x00000000d2896248) thrown at [./src/hotspot/share/interpreter/linkResolver.cpp, line 773]
Event: 3.015 Thread 0x000002706039d000 Exception <a 'java/lang/NoSuchMethodError'{0x00000000d28a4520}: 'java.lang.Object java.lang.invoke.Invokers$Holder.linkToTargetMethod(java.lang.Object, java.lang.Object, int, java.lang.Object)'> (0x00000000d28a4520) thrown at [./src/hotspot/share/interpreter/linkResolver.cpp, line 773]
Event: 3.184 Thread 0x000002707d62c000 Implicit null exception at 0x00000270706373ef to 0x0000027070637498

Events (20 events):
Event: 3.174 loading class com/android/tools/r8/internal/FZ done
Event: 3.175 loading class com/android/tools/r8/internal/JS
Event: 3.175 loading class com/android/tools/r8/internal/JS done
Event: 3.175 loading class com/android/tools/r8/internal/ce
Event: 3.175 loading class com/android/tools/r8/internal/ce done
Event: 3.182 loading class com/android/tools/r8/internal/Gm
Event: 3.182 loading class com/android/tools/r8/internal/Gm done
Event: 3.182 loading class com/android/tools/r8/graph/H
Event: 3.182 loading class com/android/tools/r8/graph/H done
Event: 3.183 loading class com/android/tools/r8/graph/Q0
Event: 3.183 loading class com/android/tools/r8/graph/Q0 done
Event: 3.205 loading class com/android/tools/r8/internal/H7
Event: 3.205 loading class com/android/tools/r8/internal/H7 done
Event: 3.206 loading class com/android/tools/r8/graph/i1
Event: 3.206 loading class com/android/tools/r8/graph/i1 done
Event: 3.502 Executing VM operation: G1CollectForAllocation
Event: 3.558 Executing VM operation: G1CollectForAllocation done
Event: 3.775 Executing VM operation: RevokeBias
Event: 3.776 Executing VM operation: RevokeBias done
Event: 3.807 Executing VM operation: G1CollectForAllocation


Dynamic libraries:
0x00007ff637280000 - 0x00007ff63728d000 	C:\Program Files\Microsoft\jdk-11.0.12.7-hotspot\bin\java.exe
0x00007ffe23b70000 - 0x00007ffe23d68000 	C:\WINDOWS\SYSTEM32\ntdll.dll
0x00007ffe21d60000 - 0x00007ffe21e1f000 	C:\WINDOWS\System32\KERNEL32.DLL
0x00007ffe21750000 - 0x00007ffe21a22000 	C:\WINDOWS\System32\KERNELBASE.dll
0x00007ffe21650000 - 0x00007ffe21750000 	C:\WINDOWS\System32\ucrtbase.dll
0x00007ffe1cd30000 - 0x00007ffe1cd45000 	C:\Program Files\Microsoft\jdk-11.0.12.7-hotspot\bin\VCRUNTIME140.dll
0x00007ffe1cd10000 - 0x00007ffe1cd27000 	C:\Program Files\Microsoft\jdk-11.0.12.7-hotspot\bin\jli.dll
0x00007ffe237a0000 - 0x00007ffe23941000 	C:\WINDOWS\System32\USER32.dll
0x00007ffe212e0000 - 0x00007ffe21302000 	C:\WINDOWS\System32\win32u.dll
0x00007ffe0fc40000 - 0x00007ffe0feda000 	C:\WINDOWS\WinSxS\amd64_microsoft.windows.common-controls_6595b64144ccf1df_6.0.19041.1110_none_60b5254171f9507e\COMCTL32.dll
0x00007ffe23620000 - 0x00007ffe2364b000 	C:\WINDOWS\System32\GDI32.dll
0x00007ffe222d0000 - 0x00007ffe2236e000 	C:\WINDOWS\System32\msvcrt.dll
0x00007ffe21a30000 - 0x00007ffe21b3f000 	C:\WINDOWS\System32\gdi32full.dll
0x00007ffe213a0000 - 0x00007ffe2143d000 	C:\WINDOWS\System32\msvcp_win.dll
0x00007ffe21bb0000 - 0x00007ffe21be2000 	C:\WINDOWS\System32\IMM32.DLL
0x00007ffe13580000 - 0x00007ffe1361b000 	C:\Program Files\Microsoft\jdk-11.0.12.7-hotspot\bin\msvcp140.dll
0x00007ffdedb70000 - 0x00007ffdee6d1000 	C:\Program Files\Microsoft\jdk-11.0.12.7-hotspot\bin\server\jvm.dll
0x00007ffe23a80000 - 0x00007ffe23b2e000 	C:\WINDOWS\System32\ADVAPI32.dll
0x00007ffe21cb0000 - 0x00007ffe21d4c000 	C:\WINDOWS\System32\sechost.dll
0x00007ffe21e20000 - 0x00007ffe21f45000 	C:\WINDOWS\System32\RPCRT4.dll
0x00007ffe21ca0000 - 0x00007ffe21ca8000 	C:\WINDOWS\System32\PSAPI.DLL
0x00007ffe0aae0000 - 0x00007ffe0ab07000 	C:\WINDOWS\SYSTEM32\WINMM.dll
0x00007ffe113e0000 - 0x00007ffe113e9000 	C:\WINDOWS\SYSTEM32\WSOCK32.dll
0x00007ffe1b990000 - 0x00007ffe1b99a000 	C:\WINDOWS\SYSTEM32\VERSION.dll
0x00007ffe233c0000 - 0x00007ffe2342b000 	C:\WINDOWS\System32\WS2_32.dll
0x00007ffe1f000000 - 0x00007ffe1f012000 	C:\WINDOWS\SYSTEM32\kernel.appcore.dll
0x00007ffe1cd00000 - 0x00007ffe1cd10000 	C:\Program Files\Microsoft\jdk-11.0.12.7-hotspot\bin\verify.dll
0x00007ffe12ac0000 - 0x00007ffe12ca4000 	C:\WINDOWS\SYSTEM32\DBGHELP.DLL
0x00007ffe11b40000 - 0x00007ffe11b75000 	C:\WINDOWS\SYSTEM32\dbgcore.DLL
0x00007ffe21310000 - 0x00007ffe21392000 	C:\WINDOWS\System32\bcryptPrimitives.dll
0x00007ffe1ccd0000 - 0x00007ffe1ccf8000 	C:\Program Files\Microsoft\jdk-11.0.12.7-hotspot\bin\java.dll
0x00007ffe1b4f0000 - 0x00007ffe1b4fa000 	C:\Program Files\Microsoft\jdk-11.0.12.7-hotspot\bin\jimage.dll
0x00007ffe1b4d0000 - 0x00007ffe1b4e7000 	C:\Program Files\Microsoft\jdk-11.0.12.7-hotspot\bin\zip.dll
0x00007ffe22370000 - 0x00007ffe22ab4000 	C:\WINDOWS\System32\SHELL32.dll
0x00007ffe1f2e0000 - 0x00007ffe1fa72000 	C:\WINDOWS\SYSTEM32\windows.storage.dll
0x00007ffe21f70000 - 0x00007ffe222c5000 	C:\WINDOWS\System32\combase.dll
0x00007ffe20b00000 - 0x00007ffe20b30000 	C:\WINDOWS\SYSTEM32\Wldp.dll
0x00007ffe21bf0000 - 0x00007ffe21c9d000 	C:\WINDOWS\System32\SHCORE.dll
0x00007ffe22ef0000 - 0x00007ffe22f45000 	C:\WINDOWS\System32\shlwapi.dll
0x00007ffe211a0000 - 0x00007ffe211bf000 	C:\WINDOWS\SYSTEM32\profapi.dll
0x00007ffe1b4b0000 - 0x00007ffe1b4c9000 	C:\Program Files\Microsoft\jdk-11.0.12.7-hotspot\bin\net.dll
0x00007ffe19380000 - 0x00007ffe1948c000 	C:\WINDOWS\SYSTEM32\WINHTTP.dll
0x00007ffe208e0000 - 0x00007ffe2094a000 	C:\WINDOWS\system32\mswsock.dll
0x00007ffe1a500000 - 0x00007ffe1a512000 	C:\Program Files\Microsoft\jdk-11.0.12.7-hotspot\bin\nio.dll

dbghelp: loaded successfully - version: 4.0.5 - missing functions: none
symbol engine: initialized successfully - sym options: 0x614 - pdb path: .;C:\Program Files\Microsoft\jdk-11.0.12.7-hotspot\bin;C:\WINDOWS\SYSTEM32;C:\WINDOWS\WinSxS\amd64_microsoft.windows.common-controls_6595b64144ccf1df_6.0.19041.1110_none_60b5254171f9507e;C:\Program Files\Microsoft\jdk-11.0.12.7-hotspot\bin\server

VM Arguments:
jvm_args: -Xmx1G 
java_command: com.android.tools.r8.D8 --debug --min-api 21 --output obj\Debug\net6.0-android\android\bin\ --lib C:\Program Files (x86)\Android\android-sdk\platforms\android-31\android.jar obj\Debug\net6.0-android\android\bin\classes.zip C:\Users\Isahs\.nuget\packages\microsoft.android.ref.31\32.0.476\ref\net6.0\mono.android.jar C:\Program Files\dotnet\packs\Microsoft.Android.Sdk.Windows\32.0.476\tools\java_runtime_fastdev_net6.jar C:\Users\Isahs\.nuget\packages\xamarin.jetbrains.annotations\23.0.0.3\buildTransitive\net6.0-android31.0\..\..\jar\org.jetbrains.annotations-23.0.0.jar C:\Users\Isahs\.nuget\packages\xamarin.kotlin.stdlib\1.6.20.1\buildTransitive\net6.0-android31.0\..\..\jar\org.jetbrains.kotlin.kotlin-stdlib-1.6.20.jar C:\Users\Isahs\.nuget\packages\xamarin.kotlin.stdlib.jdk7\1.6.20.1\buildTransitive\net6.0-android31.0\..\..\jar\org.jetbrains.kotlin.kotlin-stdlib-jdk7-1.6.20.jar C:\Users\Isahs\.nuget\packages\xamarin.kotlin.stdlib.jdk8\1.6.20.1\buildTransitive\net6.0-android31.0\..\..\jar\org.jetbrains.kotlin.kotlin-stdlib-jdk8-1.6.20.jar C:\Users\Isahs\.nuget\packages\xamarin.kotlinx.coroutines.core.jvm\1.6.0.1\buildTransitive\net6.0-android31.0\..\..\jar\org.jetbrains.kotlinx.kotlinx-coroutines-core-jvm-1.6.0.jar C:\Users\Isahs\.nuget\packages\xamarin.kotlinx.coroutines.android\1.6.0.1\buildTransitive\net6.0-android31.0\..\..\jar\org.jetbrains.kotlinx.kotlinx-coroutines-android-1.6.0.jar C:\Users\Isahs\.nuget\packages\xamarin.google.guava.listenablefuture\1.0.0.5\buildTransitive\net6.0-android31.0\..\..\jar\guava-listenablefuture.jar C:\Users\Isahs\.nuget\packages\xamarin.androidx.annotation\1.3.0.3\buildTransitive\net6.0-android31.0\..\..\jar\androidx.annotation.annotation.jar C:\Users\Isahs\.nuget\packages\xamarin.androidx.collection\1.2.0.3\buildTransitive\net6.0-android31.0\..\..\jar\androidx.collection.collection.jar C:\Users\Isahs\.nuget\packages\xamarin.androidx.lifecycle.common\2.4.1.1\buildTransitive\net6.0-android31.0\..\..\jar\androidx.life
java_class_path (initial): C:\Program Files\dotnet\packs\Microsoft.Android.Sdk.Windows\32.0.476\tools\r8.jar
Launcher Type: SUN_STANDARD

[Global flags]
     intx CICompilerCount                          = 3                                         {product} {ergonomic}
     uint ConcGCThreads                            = 1                                         {product} {ergonomic}
     uint G1ConcRefinementThreads                  = 4                                         {product} {ergonomic}
   size_t G1HeapRegionSize                         = 1048576                                   {product} {ergonomic}
    uintx GCDrainStackTargetSize                   = 64                                        {product} {ergonomic}
   size_t InitialHeapSize                          = 134217728                                 {product} {ergonomic}
   size_t MarkStackSize                            = 4194304                                   {product} {ergonomic}
   size_t MaxHeapSize                              = 1073741824                                {product} {command line}
   size_t MaxNewSize                               = 643825664                                 {product} {ergonomic}
   size_t MinHeapDeltaBytes                        = 1048576                                   {product} {ergonomic}
    uintx NonNMethodCodeHeapSize                   = 5830732                                {pd product} {ergonomic}
    uintx NonProfiledCodeHeapSize                  = 122913754                              {pd product} {ergonomic}
    uintx ProfiledCodeHeapSize                     = 122913754                              {pd product} {ergonomic}
    uintx ReservedCodeCacheSize                    = 251658240                              {pd product} {ergonomic}
     bool SegmentedCodeCache                       = true                                      {product} {ergonomic}
     bool UseCompressedClassPointers               = true                                 {lp64_product} {ergonomic}
     bool UseCompressedOops                        = true                                 {lp64_product} {ergonomic}
     bool UseG1GC                                  = true                                      {product} {ergonomic}
     bool UseLargePagesIndividualAllocation        = false                                  {pd product} {ergonomic}

Logging:
Log output configuration:
 #0: stdout all=warning uptime,level,tags
 #1: stderr all=off uptime,level,tags

Environment Variables:
PATH=C:\Program Files\Microsoft\jdk-11.0.12.7-hotspot\bin;C:\Python311\Scripts\;C:\Python311\;C:\xampp\php;C:\Program Files (x86)\Common Files\Oracle\Java\javapath;C:\Program Files (x86)\Intel\iCLS Client\;C:\Program Files\Intel\iCLS Client\;C:\WINDOWS\system32;C:\WINDOWS;C:\WINDOWS\System32\Wbem;C:\WINDOWS\System32\WindowsPowerShell\v1.0\;C:\Program Files (x86)\Intel\Intel(R) Management Engine Components\DAL;C:\Program Files\Intel\Intel(R) Management Engine Components\DAL;C:\Program Files (x86)\Intel\Intel(R) Management Engine Components\IPT;C:\Program Files\Intel\Intel(R) Management Engine Components\IPT;C:\WINDOWS\System32\OpenSSH\;C:\Users\Isahs\AppData\Local\Microsoft\WindowsApps;C:\Program Files (x86)\FreeArc\bin;C:\Users\Isahs\AppData\Local\Programs\Microsoft VS Code Insiders\bin;C:\Users\Isahs\AppData\Roaming\npm;C:\Users\Isahs\AppData\Local\Programs\Microsoft VS Code\bin;C:\adb;C:\WINDOWS\system32;C:\WINDOWS;C:\WINDOWS\System32\Wbem;C:\WINDOWS\System32\WindowsPowerShell\v1.0\;C:\WINDOWS\System32\OpenSSH\;C:\Program Files\Kotlin;C:\Program Files\dotnet\;C:\Program Files\Microsoft SQL Server\150\Tools\Binn\;C:\composer;C:\Program Files\Git\cmd;C:\Program Files\Docker\Docker\resources\bin;C:\ProgramData\DockerDesktop\version-bin;%USERPROFILES%\AppData\Roaming\Composer\vendor\bin;C:\ProgramData\chocolatey\bin;C:\Program Files\nodejs\;C:\Program Files\Microsoft SQL Server\130\Tools\Binn\;C:\Program Files\Microsoft SQL Server\Client SDK\ODBC\170\Tools\Binn\;C:\Program Files\Devart\EntityDeveloper\Console;C:\Program Files\MySQL\MySQL Shell 8.0\bin\;C:\Users\Isahs\AppData\Local\Programs\Python\Python310\Scripts\;C:\Users\Isahs\AppData\Local\Programs\Python\Python310\;C:\Users\Isahs\AppData\Local\Microsoft\WindowsApps;C:\Program Files (x86)\FreeArc\bin;C:\Users\Isahs\Documents\Dev\Programas\IntelliJ IDEA Community Edition 2021.3.2\bin;;C:\Users\Isahs\AppData\Local\Programs\Microsoft VS Code\bin;C:\Users\Isahs\.dotnet\tools;C:\Users\Isahs\AppData\Local\GitHubDesktop\bin
USERNAME=Isahs
OS=Windows_NT
PROCESSOR_IDENTIFIER=Intel64 Family 6 Model 142 Stepping 9, GenuineIntel



---------------  S Y S T E M  ---------------

OS: Windows 10 , 64 bit Build 19041 (10.0.19041.2364)
OS uptime: 0 days 0:53 hours
Hyper-V role detected

CPU:total 4 (initial active 4) (2 cores per cpu, 2 threads per core) family 6 model 142 stepping 9 microcode 0xb4, cmov, cx8, fxsr, mmx, sse, sse2, sse3, ssse3, sse4.1, sse4.2, popcnt, avx, avx2, aes, clmul, erms, 3dnowpref, lzcnt, ht, tsc, tscinvbit, bmi1, bmi2, adx, fma

Memory: 4k page, system-wide physical 8067M (895M free)
TotalPageFile size 8067M (AvailPageFile size 127M)
current process WorkingSet (physical memory assigned to process): 380M, peak: 391M
current process commit charge ("private bytes"): 467M, peak: 655M

vm_info: OpenJDK 64-Bit Server VM (11.0.12+7) for windows-amd64 JRE (11.0.12+7), built on Jul 21 2021 15:41:43 by "" with unknown MS VC++:1916

END.
